TN:
SF:libs/blocks/accordion/accordion.js
FN:8,setSEO
FN:15,toggleMedia
FN:29,displayMedia
FN:51,handleClick
FN:68,defalutOpen
FN:72,createItem
FN:111,getUniqueId
FN:116,populateMedia
FN:121,init
FNF:9
FNH:9
FNDA:2,setSEO
FNDA:1,toggleMedia
FNDA:1,displayMedia
FNDA:2,handleClick
FNDA:1,defalutOpen
FNDA:2,createItem
FNDA:2,getUniqueId
FNDA:1,populateMedia
FNDA:2,init
DA:1,2
DA:2,2
DA:3,2
DA:4,2
DA:5,2
DA:6,2
DA:7,2
DA:8,2
DA:9,2
DA:10,2
DA:11,2
DA:12,2
DA:13,2
DA:14,2
DA:15,1
DA:16,1
DA:17,1
DA:18,1
DA:19,1
DA:20,1
DA:21,1
DA:22,1
DA:23,1
DA:24,1
DA:25,1
DA:26,1
DA:27,1
DA:28,2
DA:29,1
DA:30,1
DA:31,1
DA:32,1
DA:33,1
DA:34,1
DA:35,1
DA:36,1
DA:37,1
DA:38,1
DA:39,1
DA:40,1
DA:41,1
DA:42,1
DA:43,1
DA:44,1
DA:45,1
DA:46,1
DA:47,1
DA:48,1
DA:49,1
DA:50,2
DA:51,2
DA:52,2
DA:53,2
DA:54,2
DA:55,2
DA:56,2
DA:57,2
DA:58,2
DA:59,2
DA:60,2
DA:61,2
DA:62,2
DA:63,2
DA:64,2
DA:65,2
DA:66,2
DA:67,2
DA:68,1
DA:69,1
DA:70,1
DA:71,2
DA:72,2
DA:73,2
DA:74,2
DA:75,2
DA:76,2
DA:77,2
DA:78,2
DA:79,2
DA:80,2
DA:81,2
DA:82,2
DA:83,2
DA:84,2
DA:85,2
DA:86,2
DA:87,2
DA:88,2
DA:89,2
DA:90,2
DA:91,2
DA:92,2
DA:93,2
DA:94,2
DA:95,2
DA:96,2
DA:97,2
DA:98,2
DA:99,1
DA:100,1
DA:101,1
DA:102,1
DA:103,1
DA:104,2
DA:105,2
DA:106,2
DA:107,2
DA:108,2
DA:109,2
DA:110,2
DA:111,2
DA:112,2
DA:113,2
DA:114,2
DA:115,2
DA:116,1
DA:117,1
DA:118,1
DA:119,1
DA:120,2
DA:121,2
DA:122,2
DA:123,2
DA:124,2
DA:125,2
DA:126,2
DA:127,2
DA:128,2
DA:129,2
DA:130,1
DA:131,1
DA:132,1
DA:133,1
DA:134,1
DA:135,2
DA:136,2
DA:137,2
DA:138,2
DA:139,2
DA:140,2
DA:141,2
DA:142,2
DA:143,2
DA:144,2
DA:145,2
DA:146,2
DA:147,2
DA:148,2
DA:149,2
DA:150,2
DA:151,2
DA:152,2
DA:153,2
DA:154,2
DA:155,2
DA:156,2
DA:157,1
DA:158,1
DA:159,1
DA:160,2
LF:160
LH:160
BRDA:1,0,0,2
BRDA:8,1,0,2
BRDA:9,2,0,2
BRDA:51,3,0,2
BRDA:65,4,0,1
BRDA:72,5,0,2
BRDA:98,6,0,1
BRDA:105,7,0,2
BRDA:111,8,0,2
BRDA:121,9,0,2
BRDA:129,10,0,1
BRDA:156,11,0,1
BRDA:138,12,0,2
BRDA:152,13,0,2
BRDA:15,14,0,2
BRDA:29,15,0,2
BRDA:32,16,0,2
BRDA:35,17,0,2
BRDA:68,18,0,2
BRDA:92,19,0,1
BRDA:93,20,0,1
BRDA:116,21,0,2
BRDA:132,22,0,1
BRF:23
BRH:23
end_of_record
TN:
SF:libs/blocks/action-item/action-item.js
FN:4,floatIcon
FN:9,floatButton
FN:16,getLinkAttrs
FN:25,getContent
FN:39,init
FNF:5
FNH:5
FNDA:1,floatIcon
FNDA:1,floatButton
FNDA:1,getLinkAttrs
FNDA:1,getContent
FNDA:1,init
DA:1,1
DA:2,1
DA:3,1
DA:4,1
DA:5,1
DA:6,1
DA:7,1
DA:8,1
DA:9,1
DA:10,1
DA:11,1
DA:12,1
DA:13,1
DA:14,1
DA:15,1
DA:16,1
DA:17,1
DA:18,1
DA:19,1
DA:20,1
DA:21,1
DA:22,1
DA:23,1
DA:24,1
DA:25,1
DA:26,1
DA:27,1
DA:28,1
DA:29,1
DA:30,1
DA:31,1
DA:32,1
DA:33,1
DA:34,1
DA:35,1
DA:36,1
DA:37,1
DA:38,1
DA:39,1
DA:40,1
DA:41,1
DA:42,1
DA:43,1
DA:44,1
LF:44
LH:44
BRDA:1,0,0,1
BRDA:4,1,0,1
BRDA:9,2,0,1
BRDA:16,3,0,1
BRDA:20,4,0,1
BRDA:25,5,0,1
BRDA:39,6,0,1
BRF:7
BRH:7
end_of_record
TN:
SF:libs/blocks/action-scroller/action-scroller.js
FN:13,getBlockProps
FN:25,setBlockProps
FN:41,handleScroll
FN:56,handleBtnState
FN:67,handleNavigation
FN:78,init
FNF:6
FNH:6
FNDA:1,getBlockProps
FNDA:1,setBlockProps
FNDA:1,handleScroll
FNDA:1,handleBtnState
FNDA:1,handleNavigation
FNDA:1,init
DA:1,1
DA:2,1
DA:3,1
DA:4,1
DA:5,1
DA:6,1
DA:7,1
DA:8,1
DA:9,1
DA:10,1
DA:11,1
DA:12,1
DA:13,1
DA:14,1
DA:15,1
DA:16,1
DA:17,1
DA:18,1
DA:19,1
DA:20,1
DA:21,1
DA:22,1
DA:23,1
DA:24,1
DA:25,1
DA:26,1
DA:27,1
DA:28,1
DA:29,1
DA:30,1
DA:31,1
DA:32,1
DA:33,1
DA:34,1
DA:35,1
DA:36,1
DA:37,1
DA:38,1
DA:39,1
DA:40,1
DA:41,1
DA:42,1
DA:43,1
DA:44,1
DA:45,1
DA:46,1
DA:47,1
DA:48,1
DA:49,1
DA:50,1
DA:51,1
DA:52,1
DA:53,1
DA:54,1
DA:55,1
DA:56,1
DA:57,1
DA:58,1
DA:59,1
DA:60,1
DA:61,1
DA:62,1
DA:63,1
DA:64,1
DA:65,1
DA:66,1
DA:67,1
DA:68,1
DA:69,1
DA:70,1
DA:71,1
DA:72,1
DA:73,1
DA:74,1
DA:75,1
DA:76,1
DA:77,1
DA:78,1
DA:79,1
DA:80,1
DA:81,1
DA:82,1
DA:83,1
DA:84,1
DA:85,1
DA:86,1
DA:87,1
DA:88,1
DA:89,1
DA:90,1
LF:90
LH:90
BRDA:1,0,0,1
BRDA:13,1,0,1
BRDA:13,2,0,1
BRDA:25,3,0,1
BRDA:35,4,0,0
BRDA:31,5,0,1
BRDA:34,6,0,1
BRDA:41,7,0,1
BRDA:43,8,0,0
BRDA:49,9,0,0
BRDA:56,10,0,1
BRDA:67,11,0,1
BRDA:71,12,0,1
BRDA:73,13,0,1
BRDA:78,14,0,1
BRDA:87,15,0,1
BRDA:88,16,0,1
BRF:17
BRH:14
end_of_record
TN:
SF:libs/blocks/adobetv/adobetv.js
FN:6,loadAdobeTv
FN:30,init
FNF:2
FNH:2
FNDA:2,loadAdobeTv
FNDA:2,init
DA:1,2
DA:2,2
DA:3,2
DA:4,2
DA:5,2
DA:6,2
DA:7,2
DA:8,2
DA:9,1
DA:10,1
DA:11,1
DA:12,1
DA:13,1
DA:14,1
DA:15,1
DA:16,1
DA:17,1
DA:18,1
DA:19,1
DA:20,2
DA:21,2
DA:22,2
DA:23,2
DA:24,2
DA:25,2
DA:26,2
DA:27,2
DA:28,2
DA:29,2
DA:30,2
DA:31,2
DA:32,2
DA:33,1
DA:34,2
DA:35,2
DA:36,2
DA:37,2
DA:38,2
DA:39,2
DA:40,2
DA:41,2
LF:41
LH:41
BRDA:1,0,0,2
BRDA:6,1,0,2
BRDA:8,2,0,1
BRDA:8,3,0,1
BRDA:30,4,0,2
BRDA:32,5,0,1
BRDA:15,6,0,0
BRDA:8,7,0,1
BRF:8
BRH:7
end_of_record
TN:
SF:libs/blocks/article-feed/article-feed.js
FN:15,replacePlaceholder
FN:31,toClassName
FN:42,readBlockConfig
FN:75,fetchBlogArticleIndex
FN:101,isCardOnPage
FN:107,closeMenu
FN:111,openMenu
FN:117,filterSearch
FN:130,enableSearch
FN:136,disableSearch
FN:147,closeOnDocClick
FN:158,closeCurtain
FN:164,openCurtain
FN:170,toggleMenu
FN:184,buildSelectedFilter
FN:192,clearFilter
FN:203,applyCurrentFilters
FN:254,clearFilters
FN:270,buildFilterOption
FN:290,buildFilter
FN:360,isInList
FN:362,filterArticles
FN:422,decorateArticleFeed
FN:486,decorateFeedFilter
FN:533,init
FNF:25
FNH:1
FNDA:0,replacePlaceholder
FNDA:0,toClassName
FNDA:0,readBlockConfig
FNDA:1,fetchBlogArticleIndex
FNDA:0,isCardOnPage
FNDA:0,closeMenu
FNDA:0,openMenu
FNDA:0,filterSearch
FNDA:0,enableSearch
FNDA:0,disableSearch
FNDA:0,closeOnDocClick
FNDA:0,closeCurtain
FNDA:0,openCurtain
FNDA:0,toggleMenu
FNDA:0,buildSelectedFilter
FNDA:0,clearFilter
FNDA:0,applyCurrentFilters
FNDA:0,clearFilters
FNDA:0,buildFilterOption
FNDA:0,buildFilter
FNDA:0,isInList
FNDA:0,filterArticles
FNDA:0,decorateArticleFeed
FNDA:0,decorateFeedFilter
FNDA:0,init
DA:1,1
DA:2,1
DA:3,1
DA:4,1
DA:5,1
DA:6,1
DA:7,1
DA:8,1
DA:9,1
DA:10,1
DA:11,1
DA:12,1
DA:13,1
DA:14,1
DA:15,1
DA:16,1
DA:17,1
DA:18,1
DA:19,1
DA:20,1
DA:21,1
DA:22,1
DA:23,1
DA:24,1
DA:25,1
DA:26,1
DA:27,1
DA:28,1
DA:29,1
DA:30,1
DA:31,0
DA:32,0
DA:33,0
DA:34,0
DA:35,0
DA:36,1
DA:37,1
DA:38,1
DA:39,1
DA:40,1
DA:41,1
DA:42,1
DA:43,0
DA:44,0
DA:45,0
DA:46,0
DA:47,0
DA:48,0
DA:49,0
DA:50,0
DA:51,0
DA:52,0
DA:53,0
DA:54,0
DA:55,0
DA:56,0
DA:57,0
DA:58,0
DA:59,0
DA:60,0
DA:61,0
DA:62,0
DA:63,0
DA:64,0
DA:65,0
DA:66,0
DA:67,0
DA:68,0
DA:69,0
DA:70,1
DA:71,1
DA:72,1
DA:73,1
DA:74,1
DA:75,1
DA:76,1
DA:77,1
DA:78,1
DA:79,1
DA:80,1
DA:81,1
DA:82,1
DA:83,1
DA:84,1
DA:85,1
DA:86,1
DA:87,1
DA:88,1
DA:89,1
DA:90,1
DA:91,1
DA:92,1
DA:93,1
DA:94,1
DA:95,1
DA:96,1
DA:97,1
DA:98,1
DA:99,1
DA:100,1
DA:101,0
DA:102,0
DA:103,0
DA:104,0
DA:105,0
DA:106,1
DA:107,0
DA:108,0
DA:109,0
DA:110,1
DA:111,0
DA:112,0
DA:113,0
DA:114,0
DA:115,0
DA:116,1
DA:117,0
DA:118,0
DA:119,0
DA:120,0
DA:121,0
DA:122,0
DA:123,0
DA:124,0
DA:125,0
DA:126,0
DA:127,0
DA:128,0
DA:129,1
DA:130,0
DA:131,0
DA:132,0
DA:133,0
DA:134,0
DA:135,1
DA:136,0
DA:137,0
DA:138,0
DA:139,0
DA:140,0
DA:141,0
DA:142,0
DA:143,0
DA:144,0
DA:145,0
DA:146,1
DA:147,0
DA:148,0
DA:149,0
DA:150,0
DA:151,0
DA:152,0
DA:153,0
DA:154,0
DA:155,0
DA:156,0
DA:157,1
DA:158,0
DA:159,0
DA:160,0
DA:161,0
DA:162,0
DA:163,1
DA:164,0
DA:165,0
DA:166,0
DA:167,0
DA:168,0
DA:169,1
DA:170,0
DA:171,0
DA:172,0
DA:173,0
DA:174,0
DA:175,0
DA:176,0
DA:177,0
DA:178,0
DA:179,0
DA:180,0
DA:181,0
DA:182,0
DA:183,1
DA:184,0
DA:185,0
DA:186,0
DA:187,0
DA:188,0
DA:189,0
DA:190,0
DA:191,1
DA:192,0
DA:193,0
DA:194,0
DA:195,0
DA:196,0
DA:197,0
DA:198,0
DA:199,0
DA:200,0
DA:201,0
DA:202,1
DA:203,0
DA:204,0
DA:205,0
DA:206,0
DA:207,0
DA:208,0
DA:209,0
DA:210,0
DA:211,0
DA:212,0
DA:213,0
DA:214,0
DA:215,0
DA:216,0
DA:217,0
DA:218,0
DA:219,0
DA:220,0
DA:221,0
DA:222,0
DA:223,0
DA:224,0
DA:225,0
DA:226,0
DA:227,0
DA:228,0
DA:229,0
DA:230,0
DA:231,0
DA:232,0
DA:233,0
DA:234,0
DA:235,0
DA:236,0
DA:237,0
DA:238,0
DA:239,0
DA:240,0
DA:241,0
DA:242,0
DA:243,0
DA:244,0
DA:245,0
DA:246,0
DA:247,0
DA:248,0
DA:249,0
DA:250,0
DA:251,0
DA:252,0
DA:253,1
DA:254,0
DA:255,0
DA:256,0
DA:257,0
DA:258,0
DA:259,0
DA:260,0
DA:261,0
DA:262,0
DA:263,0
DA:264,0
DA:265,0
DA:266,0
DA:267,0
DA:268,0
DA:269,1
DA:270,0
DA:271,0
DA:272,0
DA:273,0
DA:274,0
DA:275,0
DA:276,0
DA:277,0
DA:278,0
DA:279,0
DA:280,0
DA:281,0
DA:282,0
DA:283,0
DA:284,0
DA:285,0
DA:286,0
DA:287,0
DA:288,0
DA:289,1
DA:290,0
DA:291,0
DA:292,0
DA:293,0
DA:294,0
DA:295,0
DA:296,0
DA:297,0
DA:298,0
DA:299,0
DA:300,0
DA:301,0
DA:302,0
DA:303,0
DA:304,0
DA:305,0
DA:306,0
DA:307,0
DA:308,0
DA:309,0
DA:310,0
DA:311,0
DA:312,0
DA:313,0
DA:314,0
DA:315,0
DA:316,0
DA:317,0
DA:318,0
DA:319,0
DA:320,0
DA:321,0
DA:322,0
DA:323,0
DA:324,0
DA:325,0
DA:326,0
DA:327,0
DA:328,0
DA:329,0
DA:330,0
DA:331,0
DA:332,0
DA:333,0
DA:334,0
DA:335,0
DA:336,0
DA:337,0
DA:338,0
DA:339,0
DA:340,0
DA:341,0
DA:342,0
DA:343,0
DA:344,0
DA:345,0
DA:346,0
DA:347,0
DA:348,0
DA:349,0
DA:350,0
DA:351,0
DA:352,0
DA:353,0
DA:354,0
DA:355,0
DA:356,0
DA:357,0
DA:358,0
DA:359,1
DA:360,1
DA:361,1
DA:362,0
DA:363,0
DA:364,0
DA:365,0
DA:366,0
DA:367,0
DA:368,0
DA:369,0
DA:370,0
DA:371,0
DA:372,0
DA:373,0
DA:374,0
DA:375,0
DA:376,0
DA:377,0
DA:378,0
DA:379,0
DA:380,0
DA:381,0
DA:382,0
DA:383,0
DA:384,0
DA:385,0
DA:386,0
DA:387,0
DA:388,0
DA:389,0
DA:390,0
DA:391,0
DA:392,0
DA:393,0
DA:394,0
DA:395,0
DA:396,0
DA:397,0
DA:398,0
DA:399,0
DA:400,0
DA:401,0
DA:402,0
DA:403,0
DA:404,0
DA:405,0
DA:406,0
DA:407,0
DA:408,0
DA:409,0
DA:410,0
DA:411,0
DA:412,0
DA:413,0
DA:414,0
DA:415,0
DA:416,0
DA:417,0
DA:418,0
DA:419,0
DA:420,0
DA:421,1
DA:422,0
DA:423,0
DA:424,0
DA:425,0
DA:426,0
DA:427,0
DA:428,0
DA:429,0
DA:430,0
DA:431,0
DA:432,0
DA:433,0
DA:434,0
DA:435,0
DA:436,0
DA:437,0
DA:438,0
DA:439,0
DA:440,0
DA:441,0
DA:442,0
DA:443,0
DA:444,0
DA:445,0
DA:446,0
DA:447,0
DA:448,0
DA:449,0
DA:450,0
DA:451,0
DA:452,0
DA:453,0
DA:454,0
DA:455,0
DA:456,0
DA:457,0
DA:458,0
DA:459,0
DA:460,0
DA:461,0
DA:462,0
DA:463,0
DA:464,0
DA:465,0
DA:466,0
DA:467,0
DA:468,0
DA:469,0
DA:470,0
DA:471,0
DA:472,0
DA:473,0
DA:474,0
DA:475,0
DA:476,0
DA:477,0
DA:478,0
DA:479,0
DA:480,0
DA:481,0
DA:482,0
DA:483,0
DA:484,0
DA:485,1
DA:486,0
DA:487,0
DA:488,0
DA:489,0
DA:490,0
DA:491,0
DA:492,0
DA:493,0
DA:494,0
DA:495,0
DA:496,0
DA:497,0
DA:498,0
DA:499,0
DA:500,0
DA:501,0
DA:502,0
DA:503,0
DA:504,0
DA:505,0
DA:506,0
DA:507,0
DA:508,0
DA:509,0
DA:510,0
DA:511,0
DA:512,0
DA:513,0
DA:514,0
DA:515,0
DA:516,0
DA:517,0
DA:518,0
DA:519,0
DA:520,0
DA:521,0
DA:522,0
DA:523,0
DA:524,0
DA:525,0
DA:526,0
DA:527,0
DA:528,0
DA:529,0
DA:530,0
DA:531,0
DA:532,1
DA:533,1
DA:534,0
DA:535,0
DA:536,0
DA:537,0
DA:538,0
DA:539,0
DA:540,0
DA:541,0
DA:542,0
DA:543,0
DA:544,0
DA:545,0
DA:546,0
DA:547,0
DA:548,0
DA:549,0
LF:549
LH:90
BRDA:1,0,0,1
BRDA:75,1,0,1
BRDA:76,2,0,0
BRDA:77,3,0,0
BRDA:83,4,0,0
BRDA:87,5,0,1
BRDA:88,6,0,1
BRDA:90,7,0,1
BRF:8
BRH:5
end_of_record
TN:
SF:libs/blocks/article-feed/article-helpers.js
FN:23,calculateExcelDate
FN:36,computeTaxonomyFromTopics
FN:74,loadArticleTaxonomy
FN:113,getTaxonomyModule
FN:117,loadTaxonomy
FN:176,formatCardLocaleDate
FN:203,createOptimizedPicture
FN:247,getArticleTaxonomy
FN:265,getLinkForTopic
FN:283,buildArticleCard
FN:313,stamp
FNF:11
FNH:10
FNDA:1,calculateExcelDate
FNDA:3,computeTaxonomyFromTopics
FNDA:1,loadArticleTaxonomy
FNDA:3,getTaxonomyModule
FNDA:2,loadTaxonomy
FNDA:1,formatCardLocaleDate
FNDA:1,createOptimizedPicture
FNDA:1,getArticleTaxonomy
FNDA:3,getLinkForTopic
FNDA:1,buildArticleCard
FNDA:0,stamp
DA:1,3
DA:2,3
DA:3,3
DA:4,3
DA:5,3
DA:6,3
DA:7,3
DA:8,3
DA:9,3
DA:10,3
DA:11,3
DA:12,3
DA:13,3
DA:14,3
DA:15,3
DA:16,3
DA:17,3
DA:18,3
DA:19,3
DA:20,3
DA:21,3
DA:22,3
DA:23,1
DA:24,1
DA:25,1
DA:26,3
DA:27,3
DA:28,3
DA:29,3
DA:30,3
DA:31,3
DA:32,3
DA:33,3
DA:34,3
DA:35,3
DA:36,3
DA:37,3
DA:38,3
DA:39,3
DA:40,2
DA:41,2
DA:42,2
DA:43,2
DA:44,1
DA:45,1
DA:46,1
DA:47,1
DA:48,1
DA:49,1
DA:50,1
DA:51,1
DA:52,0
DA:53,0
DA:54,0
DA:55,0
DA:56,0
DA:57,1
DA:58,1
DA:59,1
DA:60,1
DA:61,0
DA:62,0
DA:63,0
DA:64,2
DA:65,2
DA:66,2
DA:67,3
DA:68,3
DA:69,3
DA:70,3
DA:71,3
DA:72,3
DA:73,3
DA:74,1
DA:75,1
DA:76,1
DA:77,1
DA:78,0
DA:79,0
DA:80,1
DA:81,1
DA:82,1
DA:83,1
DA:84,1
DA:85,1
DA:86,1
DA:87,1
DA:88,1
DA:89,1
DA:90,1
DA:91,1
DA:92,1
DA:93,1
DA:94,1
DA:95,1
DA:96,1
DA:97,1
DA:98,1
DA:99,1
DA:100,1
DA:101,1
DA:102,1
DA:103,1
DA:104,0
DA:105,0
DA:106,0
DA:107,0
DA:108,0
DA:109,1
DA:110,1
DA:111,1
DA:112,3
DA:113,3
DA:114,3
DA:115,3
DA:116,3
DA:117,3
DA:118,2
DA:119,2
DA:120,2
DA:121,2
DA:122,2
DA:123,2
DA:124,2
DA:125,2
DA:126,1
DA:127,1
DA:128,1
DA:129,1
DA:130,1
DA:131,0
DA:132,0
DA:133,0
DA:134,0
DA:135,1
DA:136,2
DA:137,2
DA:138,2
DA:139,2
DA:140,2
DA:141,2
DA:142,2
DA:143,0
DA:144,0
DA:145,0
DA:146,0
DA:147,0
DA:148,0
DA:149,0
DA:150,2
DA:151,2
DA:152,2
DA:153,0
DA:154,0
DA:155,0
DA:156,0
DA:157,0
DA:158,0
DA:159,0
DA:160,0
DA:161,0
DA:162,0
DA:163,0
DA:164,0
DA:165,0
DA:166,2
DA:167,2
DA:168,2
DA:169,3
DA:170,3
DA:171,3
DA:172,3
DA:173,3
DA:174,3
DA:175,3
DA:176,3
DA:177,1
DA:178,1
DA:179,1
DA:180,1
DA:181,1
DA:182,1
DA:183,1
DA:184,1
DA:185,1
DA:186,1
DA:187,1
DA:188,1
DA:189,1
DA:190,1
DA:191,1
DA:192,1
DA:193,1
DA:194,1
DA:195,3
DA:196,3
DA:197,3
DA:198,3
DA:199,3
DA:200,3
DA:201,3
DA:202,3
DA:203,3
DA:204,1
DA:205,1
DA:206,1
DA:207,1
DA:208,1
DA:209,1
DA:210,1
DA:211,1
DA:212,1
DA:213,1
DA:214,1
DA:215,1
DA:216,1
DA:217,1
DA:218,1
DA:219,1
DA:220,1
DA:221,0
DA:222,0
DA:223,0
DA:224,0
DA:225,1
DA:226,1
DA:227,1
DA:228,1
DA:229,1
DA:230,1
DA:231,1
DA:232,1
DA:233,1
DA:234,1
DA:235,1
DA:236,3
DA:237,3
DA:238,3
DA:239,3
DA:240,3
DA:241,3
DA:242,3
DA:243,3
DA:244,3
DA:245,3
DA:246,3
DA:247,3
DA:248,1
DA:249,1
DA:250,1
DA:251,1
DA:252,1
DA:253,1
DA:254,1
DA:255,1
DA:256,1
DA:257,3
DA:258,3
DA:259,3
DA:260,3
DA:261,3
DA:262,3
DA:263,3
DA:264,3
DA:265,3
DA:266,3
DA:267,3
DA:268,3
DA:269,3
DA:270,3
DA:271,0
DA:272,0
DA:273,0
DA:274,3
DA:275,3
DA:276,3
DA:277,3
DA:278,3
DA:279,3
DA:280,3
DA:281,3
DA:282,3
DA:283,3
DA:284,1
DA:285,1
DA:286,1
DA:287,1
DA:288,1
DA:289,1
DA:290,1
DA:291,1
DA:292,1
DA:293,1
DA:294,1
DA:295,1
DA:296,1
DA:297,1
DA:298,1
DA:299,1
DA:300,1
DA:301,1
DA:302,1
DA:303,1
DA:304,1
DA:305,1
DA:306,1
DA:307,1
DA:308,1
DA:309,1
DA:310,1
DA:311,1
DA:312,3
DA:313,3
DA:314,0
DA:315,0
DA:316,0
DA:317,0
DA:318,0
LF:318
LH:267
BRDA:1,0,0,2
BRDA:36,1,0,3
BRDA:38,2,0,2
BRDA:113,3,0,3
BRDA:117,4,0,3
BRDA:138,5,0,1
BRDA:141,6,0,1
BRDA:125,7,0,3
BRDA:130,8,0,2
BRDA:265,9,0,3
BRDA:270,10,0,0
BRDA:275,11,0,0
BRDA:275,12,0,0
BRDA:268,13,0,3
BRDA:268,14,0,3
BRDA:23,15,0,2
BRDA:39,16,0,2
BRDA:74,17,0,2
BRDA:77,18,0,1
BRDA:103,19,0,1
BRDA:88,20,0,2
BRDA:89,21,0,2
BRDA:176,22,0,2
BRDA:177,23,0,1
BRDA:178,24,0,1
BRDA:203,25,0,2
BRDA:210,26,0,2
BRDA:212,27,0,1
BRDA:219,28,0,2
BRDA:220,29,0,1
BRDA:228,30,0,1
BRDA:247,31,0,2
BRDA:253,32,0,1
BRDA:268,33,0,2
BRDA:268,34,0,3
BRDA:283,35,0,2
BRDA:290,36,0,1
BRDA:307,37,0,1
BRDA:43,38,0,2
BRDA:60,39,0,1
BRF:40
BRH:37
end_of_record
TN:
SF:libs/blocks/article-header/article-header.js
FN:8,validateAuthorUrl
FN:24,openPopup
FN:35,buildAuthorInfo
FN:68,buildSharing
FN:126,validateDate
FN:136,init
FNF:6
FNH:6
FNDA:1,validateAuthorUrl
FNDA:1,openPopup
FNDA:1,buildAuthorInfo
FNDA:1,buildSharing
FNDA:1,validateDate
FNDA:1,init
DA:1,1
DA:2,1
DA:3,1
DA:4,1
DA:5,1
DA:6,1
DA:7,1
DA:8,1
DA:9,1
DA:10,1
DA:11,1
DA:12,1
DA:13,0
DA:14,0
DA:15,0
DA:16,1
DA:17,1
DA:18,1
DA:19,1
DA:20,1
DA:21,1
DA:22,1
DA:23,1
DA:24,1
DA:25,1
DA:26,1
DA:27,1
DA:28,1
DA:29,1
DA:30,1
DA:31,1
DA:32,1
DA:33,1
DA:34,1
DA:35,1
DA:36,1
DA:37,1
DA:38,1
DA:39,1
DA:40,1
DA:41,1
DA:42,1
DA:43,1
DA:44,1
DA:45,1
DA:46,1
DA:47,1
DA:48,1
DA:49,1
DA:50,1
DA:51,1
DA:52,1
DA:53,1
DA:54,1
DA:55,1
DA:56,0
DA:57,0
DA:58,0
DA:59,0
DA:60,0
DA:61,0
DA:62,1
DA:63,1
DA:64,1
DA:65,1
DA:66,1
DA:67,1
DA:68,1
DA:69,1
DA:70,1
DA:71,1
DA:72,1
DA:73,1
DA:74,1
DA:75,1
DA:76,1
DA:77,1
DA:78,1
DA:79,1
DA:80,1
DA:81,1
DA:82,1
DA:83,1
DA:84,1
DA:85,1
DA:86,1
DA:87,1
DA:88,1
DA:89,1
DA:90,1
DA:91,1
DA:92,1
DA:93,1
DA:94,1
DA:95,1
DA:96,1
DA:97,1
DA:98,1
DA:99,1
DA:100,1
DA:101,1
DA:102,1
DA:103,1
DA:104,1
DA:105,0
DA:106,1
DA:107,1
DA:108,1
DA:109,1
DA:110,1
DA:111,1
DA:112,1
DA:113,1
DA:114,1
DA:115,1
DA:116,1
DA:117,1
DA:118,1
DA:119,1
DA:120,1
DA:121,1
DA:122,1
DA:123,1
DA:124,1
DA:125,1
DA:126,1
DA:127,1
DA:128,1
DA:129,1
DA:130,1
DA:131,1
DA:132,1
DA:133,1
DA:134,1
DA:135,1
DA:136,1
DA:137,1
DA:138,1
DA:139,1
DA:140,1
DA:141,1
DA:142,1
DA:143,0
DA:144,0
DA:145,1
DA:146,1
DA:147,1
DA:148,1
DA:149,1
DA:150,1
DA:151,1
DA:152,1
DA:153,1
DA:154,1
DA:155,1
DA:156,1
DA:157,1
DA:158,1
DA:159,1
DA:160,1
DA:161,1
DA:162,1
DA:163,1
DA:164,1
DA:165,1
DA:166,1
DA:167,1
DA:168,1
DA:169,1
DA:170,1
DA:171,1
DA:172,1
DA:173,1
DA:174,1
DA:175,1
DA:176,1
DA:177,1
DA:178,1
DA:179,1
DA:180,1
LF:180
LH:168
BRDA:1,0,0,1
BRDA:8,1,0,1
BRDA:12,2,0,0
BRDA:24,3,0,1
BRDA:35,4,0,1
BRDA:39,5,0,0
BRDA:55,6,0,0
BRDA:68,7,0,1
BRDA:81,8,0,0
BRDA:100,9,0,1
BRDA:105,10,0,0
BRDA:109,11,0,1
BRDA:114,12,0,1
BRDA:118,13,0,1
BRDA:126,14,0,1
BRDA:136,15,0,1
BRDA:142,16,0,0
BRF:17
BRH:11
end_of_record
TN:
SF:libs/blocks/aside/aside.js
FN:44,getBlockData
FN:51,decorateStaticLinks
FN:57,decorateMedia
FN:83,formatPromoButton
FN:94,addCloseButton
FN:102,addPromobar
FN:107,checkViewportPromobar
FN:113,combineTextBocks
FN:146,decoratePromobar
FN:166,decorateLayout
FN:212,init
FNF:11
FNH:11
FNDA:3,getBlockData
FNDA:3,decorateStaticLinks
FNDA:1,decorateMedia
FNDA:3,formatPromoButton
FNDA:1,addCloseButton
FNDA:2,addPromobar
FNDA:2,checkViewportPromobar
FNDA:2,combineTextBocks
FNDA:2,decoratePromobar
FNDA:3,decorateLayout
FNDA:3,init
DA:1,3
DA:2,3
DA:3,3
DA:4,3
DA:5,3
DA:6,3
DA:7,3
DA:8,3
DA:9,3
DA:10,3
DA:11,3
DA:12,3
DA:13,3
DA:14,3
DA:15,3
DA:16,3
DA:17,3
DA:18,3
DA:19,3
DA:20,3
DA:21,3
DA:22,3
DA:23,3
DA:24,3
DA:25,3
DA:26,3
DA:27,3
DA:28,3
DA:29,3
DA:30,3
DA:31,3
DA:32,3
DA:33,3
DA:34,3
DA:35,3
DA:36,3
DA:37,3
DA:38,3
DA:39,3
DA:40,3
DA:41,3
DA:42,3
DA:43,3
DA:44,3
DA:45,3
DA:46,3
DA:47,3
DA:48,3
DA:49,3
DA:50,3
DA:51,3
DA:52,3
DA:53,3
DA:54,3
DA:55,3
DA:56,3
DA:57,1
DA:58,1
DA:59,1
DA:60,1
DA:61,1
DA:62,1
DA:63,1
DA:64,1
DA:65,1
DA:66,1
DA:67,1
DA:68,1
DA:69,1
DA:70,1
DA:71,1
DA:72,1
DA:73,1
DA:74,1
DA:75,1
DA:76,1
DA:77,1
DA:78,1
DA:79,1
DA:80,1
DA:81,1
DA:82,3
DA:83,3
DA:84,3
DA:85,3
DA:86,2
DA:87,2
DA:88,2
DA:89,2
DA:90,2
DA:91,3
DA:92,3
DA:93,3
DA:94,1
DA:95,1
DA:96,1
DA:97,1
DA:98,1
DA:99,1
DA:100,1
DA:101,3
DA:102,2
DA:103,2
DA:104,2
DA:105,2
DA:106,3
DA:107,2
DA:108,2
DA:109,2
DA:110,2
DA:111,2
DA:112,3
DA:113,2
DA:114,2
DA:115,2
DA:116,2
DA:117,2
DA:118,2
DA:119,2
DA:120,2
DA:121,2
DA:122,2
DA:123,2
DA:124,2
DA:125,2
DA:126,2
DA:127,2
DA:128,2
DA:129,2
DA:130,2
DA:131,2
DA:132,2
DA:133,2
DA:134,2
DA:135,1
DA:136,1
DA:137,2
DA:138,2
DA:139,1
DA:140,1
DA:141,1
DA:142,1
DA:143,2
DA:144,2
DA:145,3
DA:146,2
DA:147,2
DA:148,2
DA:149,2
DA:150,2
DA:151,2
DA:152,2
DA:153,2
DA:154,2
DA:155,2
DA:156,2
DA:157,2
DA:158,2
DA:159,2
DA:160,2
DA:161,2
DA:162,2
DA:163,2
DA:164,2
DA:165,3
DA:166,3
DA:167,3
DA:168,3
DA:169,3
DA:170,3
DA:171,3
DA:172,3
DA:173,3
DA:174,3
DA:175,3
DA:176,3
DA:177,3
DA:178,3
DA:179,2
DA:180,2
DA:181,2
DA:182,2
DA:183,3
DA:184,3
DA:185,3
DA:186,3
DA:187,3
DA:188,3
DA:189,3
DA:190,3
DA:191,3
DA:192,3
DA:193,3
DA:194,3
DA:195,3
DA:196,2
DA:197,2
DA:198,2
DA:199,2
DA:200,2
DA:201,2
DA:202,3
DA:203,3
DA:204,3
DA:205,3
DA:206,3
DA:207,2
DA:208,2
DA:209,3
DA:210,3
DA:211,3
DA:212,3
DA:213,3
DA:214,3
DA:215,3
DA:216,3
DA:217,3
DA:218,3
DA:219,3
LF:219
LH:219
BRDA:1,0,0,2
BRDA:44,1,0,2
BRDA:45,2,0,2
BRDA:46,3,0,2
BRDA:51,4,0,2
BRDA:54,5,0,2
BRDA:57,6,0,2
BRDA:60,7,0,2
BRDA:83,8,0,2
BRDA:85,9,0,3
BRDA:86,10,0,3
BRDA:94,11,0,2
BRDA:97,12,0,2
BRDA:102,13,0,3
BRDA:107,14,0,3
BRDA:109,15,0,2
BRDA:113,16,0,3
BRDA:139,17,0,1
BRDA:130,18,0,3
BRDA:146,19,0,3
BRDA:151,20,0,3
BRDA:166,21,0,2
BRDA:184,22,0,0
BRDA:212,23,0,2
BRDA:47,24,0,1
BRDA:48,25,0,1
BRDA:52,26,0,1
BRDA:173,27,0,1
BRDA:174,28,0,1
BRDA:175,29,0,1
BRDA:176,30,0,1
BRDA:178,31,0,1
BRDA:183,32,0,1
BRDA:184,33,0,1
BRDA:185,34,0,1
BRDA:186,35,0,1
BRDA:187,36,0,1
BRDA:188,37,0,1
BRDA:189,38,0,1
BRDA:193,39,0,1
BRDA:195,40,0,1
BRDA:195,41,0,1
BRDA:206,42,0,1
BRDA:206,43,0,1
BRDA:138,44,0,2
BRDA:134,45,0,2
BRDA:149,46,0,2
BRDA:162,47,0,2
BRDA:155,48,0,2
BRDA:157,49,0,2
BRDA:159,50,0,2
BRDA:159,51,0,2
BRDA:159,52,0,2
BRF:53
BRH:52
end_of_record
TN:
SF:libs/blocks/author-header/author-header.js
FN:3,init
FNF:1
FNH:1
FNDA:1,init
DA:1,1
DA:2,1
DA:3,1
DA:4,1
DA:5,1
DA:6,1
DA:7,1
DA:8,1
DA:9,1
DA:10,1
DA:11,1
DA:12,1
DA:13,1
DA:14,1
DA:15,1
DA:16,1
DA:17,1
DA:18,1
DA:19,1
DA:20,1
DA:21,1
DA:22,1
DA:23,1
DA:24,1
DA:25,1
DA:26,1
DA:27,1
DA:28,1
DA:29,1
DA:30,1
DA:31,1
DA:32,1
DA:33,1
DA:34,1
DA:35,1
DA:36,1
DA:37,1
DA:38,1
LF:38
LH:38
BRDA:1,0,0,1
BRDA:3,1,0,1
BRDA:13,2,0,1
BRF:3
BRH:3
end_of_record
TN:
SF:libs/blocks/brick/brick.js
FN:16,getBlockSize
FN:22,handleSupplementalText
FN:30,handleClickableBrick
FN:43,decorateSupplementalText
FN:49,decorateForeground
FN:69,decorateFillButtons
FN:78,decorateBrickIconStack
FN:103,decorateBricks
FN:128,init
FNF:9
FNH:9
FNDA:1,getBlockSize
FNDA:1,handleSupplementalText
FNDA:1,handleClickableBrick
FNDA:1,decorateSupplementalText
FNDA:1,decorateForeground
FNDA:1,decorateFillButtons
FNDA:1,decorateBrickIconStack
FNDA:1,decorateBricks
FNDA:1,init
DA:1,1
DA:2,1
DA:3,1
DA:4,1
DA:5,1
DA:6,1
DA:7,1
DA:8,1
DA:9,1
DA:10,1
DA:11,1
DA:12,1
DA:13,1
DA:14,1
DA:15,1
DA:16,1
DA:17,1
DA:18,1
DA:19,1
DA:20,1
DA:21,1
DA:22,1
DA:23,1
DA:24,1
DA:25,1
DA:26,1
DA:27,1
DA:28,1
DA:29,1
DA:30,1
DA:31,1
DA:32,1
DA:33,1
DA:34,1
DA:35,1
DA:36,1
DA:37,1
DA:38,1
DA:39,1
DA:40,1
DA:41,1
DA:42,1
DA:43,1
DA:44,1
DA:45,1
DA:46,1
DA:47,1
DA:48,1
DA:49,1
DA:50,1
DA:51,1
DA:52,1
DA:53,1
DA:54,1
DA:55,1
DA:56,1
DA:57,1
DA:58,1
DA:59,1
DA:60,1
DA:61,1
DA:62,1
DA:63,1
DA:64,1
DA:65,1
DA:66,1
DA:67,1
DA:68,1
DA:69,1
DA:70,1
DA:71,1
DA:72,1
DA:73,1
DA:74,1
DA:75,1
DA:76,1
DA:77,1
DA:78,1
DA:79,1
DA:80,1
DA:81,1
DA:82,1
DA:83,1
DA:84,1
DA:85,1
DA:86,1
DA:87,1
DA:88,1
DA:89,1
DA:90,1
DA:91,1
DA:92,1
DA:93,1
DA:94,1
DA:95,1
DA:96,1
DA:97,1
DA:98,1
DA:99,1
DA:100,1
DA:101,1
DA:102,1
DA:103,1
DA:104,1
DA:105,1
DA:106,1
DA:107,1
DA:108,1
DA:109,1
DA:110,1
DA:111,1
DA:112,1
DA:113,1
DA:114,1
DA:115,1
DA:116,1
DA:117,1
DA:118,1
DA:119,1
DA:120,1
DA:121,1
DA:122,1
DA:123,1
DA:124,1
DA:125,1
DA:126,1
DA:127,1
DA:128,1
DA:129,1
DA:130,1
DA:131,1
DA:132,1
DA:133,1
DA:134,1
DA:135,1
DA:136,1
DA:137,1
LF:137
LH:137
BRDA:1,0,0,1
BRDA:16,1,0,1
BRDA:18,2,0,1
BRDA:22,3,0,1
BRDA:30,4,0,1
BRDA:43,5,0,1
BRDA:49,6,0,1
BRDA:59,7,0,0
BRDA:65,8,0,0
BRDA:69,9,0,1
BRDA:70,10,0,0
BRDA:72,11,0,1
BRDA:78,12,0,1
BRDA:84,13,0,1
BRDA:99,14,0,0
BRDA:103,15,0,1
BRDA:128,16,0,1
BRF:17
BRH:13
end_of_record
TN:
SF:libs/blocks/bulk-publish-v2/bulk-publish-v2.js
FN:4,init
FNF:1
FNH:1
FNDA:1,init
DA:1,1
DA:2,1
DA:3,1
DA:4,1
DA:5,1
DA:6,1
DA:7,1
DA:8,1
DA:9,1
DA:10,1
LF:10
LH:10
BRDA:1,0,0,1
BRDA:4,1,0,1
BRDA:7,2,0,0
BRDA:7,3,0,0
BRF:4
BRH:2
end_of_record
TN:
SF:libs/blocks/bulk-publish-v2/services.js
FN:14,isLive
FN:15,getProcessAlias
FN:21,getEndpoint
FN:28,getRequest
FN:42,setUserData
FN:62,isPushedDown
FN:63,callback
FN:79,authenticate
FN:81,setUser
FN:87,document.addEventListener.once
FN:94,mapJobList
FN:99,prepareJobs
FN:121,formatIndexResult
FN:147,startJob
FN:192,getJobStatus
FN:206,pollJobStatus
FN:222,updateRetry
FNF:17
FNH:17
FNDA:1,isLive
FNDA:1,getProcessAlias
FNDA:1,getEndpoint
FNDA:1,getRequest
FNDA:1,setUserData
FNDA:1,isPushedDown
FNDA:1,callback
FNDA:1,authenticate
FNDA:1,setUser
FNDA:1,document.addEventListener.once
FNDA:1,mapJobList
FNDA:1,prepareJobs
FNDA:1,formatIndexResult
FNDA:1,startJob
FNDA:1,getJobStatus
FNDA:1,pollJobStatus
FNDA:1,updateRetry
DA:1,1
DA:2,1
DA:3,1
DA:4,1
DA:5,1
DA:6,1
DA:7,1
DA:8,1
DA:9,1
DA:10,1
DA:11,1
DA:12,1
DA:13,1
DA:14,1
DA:15,1
DA:16,1
DA:17,1
DA:18,1
DA:19,1
DA:20,1
DA:21,1
DA:22,1
DA:23,1
DA:24,1
DA:25,1
DA:26,1
DA:27,1
DA:28,1
DA:29,1
DA:30,1
DA:31,1
DA:32,1
DA:33,1
DA:34,1
DA:35,1
DA:36,1
DA:37,1
DA:38,1
DA:39,1
DA:40,1
DA:41,1
DA:42,1
DA:43,1
DA:44,1
DA:45,1
DA:46,1
DA:47,1
DA:48,1
DA:49,1
DA:50,1
DA:51,1
DA:52,1
DA:53,1
DA:54,1
DA:55,1
DA:56,1
DA:57,1
DA:58,1
DA:59,1
DA:60,1
DA:61,1
DA:62,1
DA:63,1
DA:64,1
DA:65,1
DA:66,1
DA:67,1
DA:68,1
DA:69,1
DA:70,1
DA:71,1
DA:72,1
DA:73,1
DA:74,1
DA:75,1
DA:76,1
DA:77,1
DA:78,1
DA:79,1
DA:80,1
DA:81,1
DA:82,1
DA:83,1
DA:84,1
DA:85,1
DA:86,1
DA:87,1
DA:88,1
DA:89,1
DA:90,1
DA:91,1
DA:92,1
DA:93,1
DA:94,1
DA:95,1
DA:96,1
DA:97,1
DA:98,1
DA:99,1
DA:100,1
DA:101,1
DA:102,1
DA:103,1
DA:104,1
DA:105,1
DA:106,1
DA:107,1
DA:108,1
DA:109,1
DA:110,1
DA:111,1
DA:112,1
DA:113,1
DA:114,1
DA:115,1
DA:116,1
DA:117,1
DA:118,1
DA:119,1
DA:120,1
DA:121,1
DA:122,1
DA:123,1
DA:124,1
DA:125,1
DA:126,1
DA:127,1
DA:128,1
DA:129,1
DA:130,1
DA:131,1
DA:132,1
DA:133,1
DA:134,1
DA:135,1
DA:136,1
DA:137,1
DA:138,1
DA:139,1
DA:140,1
DA:141,1
DA:142,1
DA:143,1
DA:144,1
DA:145,1
DA:146,1
DA:147,1
DA:148,1
DA:149,1
DA:150,1
DA:151,1
DA:152,1
DA:153,1
DA:154,1
DA:155,1
DA:156,1
DA:157,1
DA:158,1
DA:159,1
DA:160,1
DA:161,1
DA:162,1
DA:163,1
DA:164,1
DA:165,1
DA:166,1
DA:167,1
DA:168,1
DA:169,1
DA:170,1
DA:171,1
DA:172,1
DA:173,1
DA:174,1
DA:175,1
DA:176,1
DA:177,1
DA:178,1
DA:179,1
DA:180,1
DA:181,1
DA:182,1
DA:183,1
DA:184,1
DA:185,1
DA:186,1
DA:187,1
DA:188,1
DA:189,1
DA:190,1
DA:191,1
DA:192,1
DA:193,1
DA:194,1
DA:195,1
DA:196,1
DA:197,1
DA:198,1
DA:199,1
DA:200,1
DA:201,1
DA:202,1
DA:203,1
DA:204,1
DA:205,1
DA:206,1
DA:207,1
DA:208,1
DA:209,1
DA:210,1
DA:211,1
DA:212,1
DA:213,1
DA:214,1
DA:215,1
DA:216,1
DA:217,1
DA:218,1
DA:219,1
DA:220,1
DA:221,1
DA:222,1
DA:223,1
DA:224,1
DA:225,1
DA:226,1
DA:227,1
DA:228,1
DA:229,1
DA:230,1
DA:231,1
DA:232,1
DA:233,1
DA:234,1
DA:235,1
DA:236,1
DA:237,1
DA:238,1
DA:239,1
DA:240,1
DA:241,1
DA:242,1
DA:243,1
DA:244,1
DA:245,1
DA:246,1
DA:247,1
DA:248,1
DA:249,1
DA:250,1
DA:251,1
DA:252,1
DA:253,1
DA:254,1
LF:254
LH:254
BRDA:1,0,0,1
BRDA:14,1,0,1
BRDA:15,2,0,1
BRDA:21,3,0,1
BRDA:28,4,0,1
BRDA:42,5,0,1
BRDA:47,6,0,1
BRDA:62,7,0,1
BRDA:63,8,0,1
BRDA:79,9,0,1
BRDA:86,10,0,1
BRDA:81,11,0,1
BRDA:94,12,0,1
BRDA:95,13,0,1
BRDA:96,14,0,1
BRDA:99,15,0,1
BRDA:102,16,0,1
BRDA:103,17,0,1
BRDA:107,18,0,1
BRDA:107,19,0,1
BRDA:121,20,0,1
BRDA:122,21,0,1
BRDA:123,22,0,1
BRDA:138,23,0,1
BRDA:147,24,0,1
BRDA:178,25,0,0
BRDA:152,26,0,1
BRDA:192,27,0,1
BRDA:195,28,0,0
BRDA:201,29,0,1
BRDA:206,30,0,1
BRDA:222,31,0,1
BRDA:224,32,0,1
BRDA:230,33,0,1
BRDA:236,34,0,1
BRDA:241,35,0,1
BRDA:243,36,0,0
BRDA:243,37,0,0
BRDA:242,38,0,1
BRF:39
BRH:35
end_of_record
TN:
SF:libs/blocks/bulk-publish-v2/utils.js
FN:9,getStatusIcon
FN:31,isSuccess
FN:32,isDelete
FN:34,delay
FN:38,sticky
FN:42,get
FN:43,set
FN:50,getAemUrl
FN:51,isValidUrl
FN:62,editEntry
FN:74,frisk
FN:76,getJobErrorText
FN:86,getErrorText
FN:100,getStatusProps
FN:128,updateJobUrls
FN:156,displayDate
FN:163,processJobResult
FN:163,jobs.reduce.complete
FN:168,getProcessedCount
FN:173,getElapsedTime
FN:180,setJobTime
FNF:21
FNH:21
FNDA:1,getStatusIcon
FNDA:1,isSuccess
FNDA:1,isDelete
FNDA:1,delay
FNDA:1,sticky
FNDA:1,get
FNDA:1,set
FNDA:1,getAemUrl
FNDA:1,isValidUrl
FNDA:1,editEntry
FNDA:1,frisk
FNDA:1,getJobErrorText
FNDA:1,getErrorText
FNDA:1,getStatusProps
FNDA:1,updateJobUrls
FNDA:1,displayDate
FNDA:1,processJobResult
FNDA:1,jobs.reduce.complete
FNDA:1,getProcessedCount
FNDA:1,getElapsedTime
FNDA:1,setJobTime
DA:1,1
DA:2,1
DA:3,1
DA:4,1
DA:5,1
DA:6,1
DA:7,1
DA:8,1
DA:9,1
DA:10,1
DA:11,1
DA:12,1
DA:13,1
DA:14,1
DA:15,1
DA:16,1
DA:17,1
DA:18,1
DA:19,1
DA:20,1
DA:21,1
DA:22,1
DA:23,1
DA:24,1
DA:25,1
DA:26,1
DA:27,1
DA:28,1
DA:29,1
DA:30,1
DA:31,1
DA:32,1
DA:33,1
DA:34,1
DA:35,1
DA:36,1
DA:37,1
DA:38,1
DA:39,1
DA:40,1
DA:41,1
DA:42,1
DA:43,1
DA:44,1
DA:45,1
DA:46,1
DA:47,1
DA:48,1
DA:49,1
DA:50,1
DA:51,1
DA:52,1
DA:53,1
DA:54,1
DA:55,1
DA:56,1
DA:57,1
DA:58,1
DA:59,1
DA:60,1
DA:61,1
DA:62,1
DA:63,1
DA:64,1
DA:65,1
DA:66,1
DA:67,1
DA:68,1
DA:69,1
DA:70,1
DA:71,1
DA:72,1
DA:73,1
DA:74,1
DA:75,1
DA:76,1
DA:77,1
DA:78,1
DA:79,1
DA:80,1
DA:81,1
DA:82,1
DA:83,1
DA:84,1
DA:85,1
DA:86,1
DA:87,1
DA:88,1
DA:89,1
DA:90,1
DA:91,1
DA:92,1
DA:93,1
DA:94,1
DA:95,1
DA:96,1
DA:97,1
DA:98,1
DA:99,1
DA:100,1
DA:101,1
DA:102,1
DA:103,1
DA:104,1
DA:105,1
DA:106,1
DA:107,1
DA:108,1
DA:109,1
DA:110,1
DA:111,1
DA:112,1
DA:113,1
DA:114,1
DA:115,1
DA:116,1
DA:117,1
DA:118,1
DA:119,1
DA:120,1
DA:121,1
DA:122,1
DA:123,1
DA:124,1
DA:125,1
DA:126,1
DA:127,1
DA:128,1
DA:129,1
DA:130,1
DA:131,1
DA:132,1
DA:133,1
DA:134,1
DA:135,1
DA:136,1
DA:137,1
DA:138,1
DA:139,1
DA:140,1
DA:141,1
DA:142,1
DA:143,1
DA:144,1
DA:145,1
DA:146,1
DA:147,1
DA:148,1
DA:149,1
DA:150,1
DA:151,1
DA:152,1
DA:153,1
DA:154,1
DA:155,1
DA:156,1
DA:157,1
DA:158,1
DA:159,1
DA:160,1
DA:161,1
DA:162,1
DA:163,1
DA:164,1
DA:165,1
DA:166,1
DA:167,1
DA:168,1
DA:169,1
DA:170,1
DA:171,1
DA:172,1
DA:173,1
DA:174,1
DA:175,1
DA:176,1
DA:177,1
DA:178,1
DA:179,1
DA:180,1
DA:181,1
DA:182,1
DA:183,1
DA:184,1
DA:185,1
DA:186,1
DA:187,1
DA:188,1
DA:189,1
DA:190,1
DA:191,1
DA:192,1
DA:193,1
DA:194,1
DA:195,1
DA:196,1
DA:197,1
DA:198,1
DA:199,1
DA:200,1
DA:201,1
DA:202,1
DA:203,1
DA:204,1
DA:205,1
DA:206,1
DA:207,1
DA:208,1
DA:209,1
DA:210,1
DA:211,1
DA:212,1
DA:213,1
DA:214,1
DA:215,1
DA:216,1
DA:217,1
DA:218,1
DA:219,1
LF:219
LH:219
BRDA:1,0,0,1
BRDA:4,1,0,0
BRDA:9,2,0,1
BRDA:31,3,0,1
BRDA:32,4,0,1
BRDA:34,5,0,1
BRDA:34,6,0,1
BRDA:35,7,0,1
BRDA:38,8,0,1
BRDA:42,9,0,1
BRDA:42,10,0,1
BRDA:43,11,0,1
BRDA:50,12,0,1
BRDA:51,13,0,1
BRDA:62,14,0,1
BRDA:74,15,0,1
BRDA:76,16,0,1
BRDA:79,17,0,0
BRDA:79,18,0,0
BRDA:86,19,0,1
BRDA:100,20,0,1
BRDA:156,21,0,1
BRDA:160,22,0,0
BRDA:163,23,0,1
BRDA:163,24,0,1
BRDA:168,25,0,1
BRDA:168,26,0,1
BRDA:173,27,0,1
BRDA:177,28,0,0
BRDA:180,29,0,1
BRDA:190,30,0,0
BRF:31
BRH:25
end_of_record
TN:
SF:libs/blocks/bulk-publish-v2/components/bulk-publisher.js
FN:27,<instance_members_initializer>
FN:41,BulkPublish2
FN:55,connectedCallback
FN:69,updated
FN:85,setProcess
FN:91,setUrls
FN:98,setJobErrors
FN:118,validateUrls
FN:134,getErrorEditor
FN:142,startEdit
FN:159,renderErrorBar
FN:181,selectingProcess
FN:196,getProcess
FN:206,renderJobForm
FN:258,getJobState
FN:272,setJobStopped
FN:284,setJobProgress
FN:292,clearJobs
FN:298,reworkErrors
FN:313,renderResults
FN:315,handleToggle
FN:363,isDisabled
FN:369,reset
FN:380,submit
FN:400,getModeState
FN:404,toggleMode
FN:408,renderPromptLoader
FN:423,renderLoginPrompt
FN:446,render
FNF:29
FNH:29
FNDA:1,<instance_members_initializer>
FNDA:1,BulkPublish2
FNDA:1,connectedCallback
FNDA:1,updated
FNDA:1,setProcess
FNDA:1,setUrls
FNDA:1,setJobErrors
FNDA:1,validateUrls
FNDA:1,getErrorEditor
FNDA:1,startEdit
FNDA:1,renderErrorBar
FNDA:1,selectingProcess
FNDA:1,getProcess
FNDA:1,renderJobForm
FNDA:1,getJobState
FNDA:1,setJobStopped
FNDA:1,setJobProgress
FNDA:1,clearJobs
FNDA:1,reworkErrors
FNDA:1,renderResults
FNDA:1,handleToggle
FNDA:1,isDisabled
FNDA:1,reset
FNDA:1,submit
FNDA:1,getModeState
FNDA:1,toggleMode
FNDA:1,renderPromptLoader
FNDA:1,renderLoginPrompt
FNDA:1,render
DA:1,1
DA:2,1
DA:3,1
DA:4,1
DA:5,1
DA:6,1
DA:7,1
DA:8,1
DA:9,1
DA:10,1
DA:11,1
DA:12,1
DA:13,1
DA:14,1
DA:15,1
DA:16,1
DA:17,1
DA:18,1
DA:19,1
DA:20,1
DA:21,1
DA:22,1
DA:23,1
DA:24,1
DA:25,1
DA:26,1
DA:27,1
DA:28,1
DA:29,1
DA:30,1
DA:31,1
DA:32,1
DA:33,1
DA:34,1
DA:35,1
DA:36,1
DA:37,1
DA:38,1
DA:39,1
DA:40,1
DA:41,1
DA:42,1
DA:43,1
DA:44,1
DA:45,1
DA:46,1
DA:47,1
DA:48,1
DA:49,1
DA:50,1
DA:51,1
DA:52,1
DA:53,1
DA:54,1
DA:55,1
DA:56,1
DA:57,1
DA:58,1
DA:59,1
DA:60,1
DA:61,1
DA:62,1
DA:63,1
DA:64,1
DA:65,1
DA:66,1
DA:67,1
DA:68,1
DA:69,1
DA:70,1
DA:71,1
DA:72,1
DA:73,1
DA:74,1
DA:75,1
DA:76,1
DA:77,1
DA:78,1
DA:79,1
DA:80,1
DA:81,1
DA:82,1
DA:83,1
DA:84,1
DA:85,1
DA:86,1
DA:87,1
DA:88,1
DA:89,1
DA:90,1
DA:91,1
DA:92,1
DA:93,1
DA:94,1
DA:95,1
DA:96,1
DA:97,1
DA:98,1
DA:99,1
DA:100,1
DA:101,1
DA:102,1
DA:103,1
DA:104,1
DA:105,1
DA:106,1
DA:107,1
DA:108,1
DA:109,1
DA:110,1
DA:111,1
DA:112,1
DA:113,1
DA:114,1
DA:115,1
DA:116,1
DA:117,1
DA:118,1
DA:119,1
DA:120,1
DA:121,1
DA:122,1
DA:123,1
DA:124,1
DA:125,1
DA:126,1
DA:127,1
DA:128,1
DA:129,1
DA:130,1
DA:131,1
DA:132,1
DA:133,1
DA:134,1
DA:135,1
DA:136,1
DA:137,1
DA:138,1
DA:139,1
DA:140,1
DA:141,1
DA:142,1
DA:143,1
DA:144,1
DA:145,1
DA:146,1
DA:147,1
DA:148,1
DA:149,1
DA:150,1
DA:151,1
DA:152,1
DA:153,1
DA:154,1
DA:155,1
DA:156,1
DA:157,1
DA:158,1
DA:159,1
DA:160,1
DA:161,1
DA:162,1
DA:163,1
DA:164,1
DA:165,1
DA:166,1
DA:167,1
DA:168,1
DA:169,1
DA:170,1
DA:171,1
DA:172,1
DA:173,1
DA:174,1
DA:175,1
DA:176,1
DA:177,1
DA:178,1
DA:179,1
DA:180,1
DA:181,1
DA:182,1
DA:183,1
DA:184,1
DA:185,1
DA:186,1
DA:187,1
DA:188,1
DA:189,1
DA:190,1
DA:191,1
DA:192,1
DA:193,1
DA:194,1
DA:195,1
DA:196,1
DA:197,1
DA:198,1
DA:199,1
DA:200,1
DA:201,1
DA:202,1
DA:203,1
DA:204,1
DA:205,1
DA:206,1
DA:207,1
DA:208,1
DA:209,1
DA:210,1
DA:211,1
DA:212,1
DA:213,1
DA:214,1
DA:215,1
DA:216,1
DA:217,1
DA:218,1
DA:219,1
DA:220,1
DA:221,1
DA:222,1
DA:223,1
DA:224,1
DA:225,1
DA:226,1
DA:227,1
DA:228,1
DA:229,1
DA:230,1
DA:231,1
DA:232,1
DA:233,1
DA:234,1
DA:235,1
DA:236,1
DA:237,1
DA:238,1
DA:239,1
DA:240,1
DA:241,1
DA:242,1
DA:243,1
DA:244,1
DA:245,1
DA:246,1
DA:247,1
DA:248,1
DA:249,1
DA:250,1
DA:251,1
DA:252,1
DA:253,1
DA:254,1
DA:255,1
DA:256,1
DA:257,1
DA:258,1
DA:259,1
DA:260,1
DA:261,1
DA:262,1
DA:263,1
DA:264,1
DA:265,1
DA:266,1
DA:267,1
DA:268,1
DA:269,1
DA:270,1
DA:271,1
DA:272,1
DA:273,1
DA:274,1
DA:275,1
DA:276,1
DA:277,1
DA:278,1
DA:279,1
DA:280,1
DA:281,1
DA:282,1
DA:283,1
DA:284,1
DA:285,1
DA:286,1
DA:287,1
DA:288,1
DA:289,1
DA:290,1
DA:291,1
DA:292,1
DA:293,1
DA:294,1
DA:295,1
DA:296,1
DA:297,1
DA:298,1
DA:299,1
DA:300,1
DA:301,1
DA:302,1
DA:303,1
DA:304,1
DA:305,1
DA:306,1
DA:307,1
DA:308,1
DA:309,1
DA:310,1
DA:311,1
DA:312,1
DA:313,1
DA:314,1
DA:315,1
DA:316,1
DA:317,1
DA:318,1
DA:319,1
DA:320,1
DA:321,1
DA:322,1
DA:323,1
DA:324,1
DA:325,1
DA:326,1
DA:327,1
DA:328,1
DA:329,1
DA:330,1
DA:331,1
DA:332,1
DA:333,1
DA:334,1
DA:335,1
DA:336,1
DA:337,1
DA:338,1
DA:339,1
DA:340,1
DA:341,1
DA:342,1
DA:343,1
DA:344,1
DA:345,1
DA:346,1
DA:347,1
DA:348,1
DA:349,1
DA:350,1
DA:351,1
DA:352,1
DA:353,1
DA:354,1
DA:355,1
DA:356,1
DA:357,1
DA:358,1
DA:359,1
DA:360,1
DA:361,1
DA:362,1
DA:363,1
DA:364,1
DA:365,1
DA:366,1
DA:367,1
DA:368,1
DA:369,1
DA:370,1
DA:371,1
DA:372,1
DA:373,1
DA:374,1
DA:375,1
DA:376,1
DA:377,1
DA:378,1
DA:379,1
DA:380,1
DA:381,1
DA:382,1
DA:383,1
DA:384,1
DA:385,1
DA:386,1
DA:387,1
DA:388,1
DA:389,1
DA:390,1
DA:391,1
DA:392,1
DA:393,1
DA:394,1
DA:395,1
DA:396,1
DA:397,1
DA:398,1
DA:399,1
DA:400,1
DA:401,1
DA:402,1
DA:403,1
DA:404,1
DA:405,1
DA:406,1
DA:407,1
DA:408,1
DA:409,1
DA:410,1
DA:411,1
DA:412,1
DA:413,1
DA:414,1
DA:415,1
DA:416,1
DA:417,1
DA:418,1
DA:419,1
DA:420,1
DA:421,1
DA:422,1
DA:423,1
DA:424,1
DA:425,1
DA:426,1
DA:427,1
DA:428,1
DA:429,1
DA:430,1
DA:431,1
DA:432,1
DA:433,1
DA:434,1
DA:435,1
DA:436,1
DA:437,1
DA:438,1
DA:439,1
DA:440,1
DA:441,1
DA:442,1
DA:443,1
DA:444,1
DA:445,1
DA:446,1
DA:447,1
DA:448,1
DA:449,1
DA:450,1
DA:451,1
DA:452,1
DA:453,1
DA:454,1
DA:455,1
DA:456,1
DA:457,1
DA:458,1
DA:459,1
DA:460,1
DA:461,1
DA:462,1
DA:463,1
DA:464,1
DA:465,1
DA:466,1
DA:467,1
DA:468,1
DA:469,1
DA:470,1
LF:470
LH:470
BRDA:1,0,0,1
BRDA:20,1,0,0
BRDA:27,2,0,1
BRDA:41,3,0,1
BRDA:55,4,0,1
BRDA:61,5,0,1
BRDA:69,6,0,1
BRDA:80,7,0,1
BRDA:75,8,0,1
BRDA:85,9,0,1
BRDA:91,10,0,1
BRDA:93,11,0,1
BRDA:98,12,0,1
BRDA:111,13,0,1
BRDA:100,14,0,1
BRDA:101,15,0,1
BRDA:106,16,0,1
BRDA:115,17,0,1
BRDA:118,18,0,1
BRDA:121,19,0,1
BRDA:122,20,0,1
BRDA:134,21,0,1
BRDA:142,22,0,1
BRDA:146,23,0,1
BRDA:149,24,0,1
BRDA:159,25,0,1
BRDA:164,26,0,0
BRDA:172,27,0,0
BRDA:170,28,0,1
BRDA:181,29,0,1
BRDA:192,30,0,0
BRDA:184,31,0,1
BRDA:196,32,0,1
BRDA:200,33,0,1
BRDA:206,34,0,1
BRDA:209,35,0,1
BRDA:228,36,0,1
BRDA:228,37,0,1
BRDA:258,38,0,1
BRDA:264,39,0,1
BRDA:265,40,0,1
BRDA:266,41,0,0
BRDA:272,42,0,1
BRDA:274,43,0,1
BRDA:276,44,0,1
BRDA:284,45,0,1
BRDA:286,46,0,1
BRDA:292,47,0,1
BRDA:294,48,0,0
BRDA:313,49,0,1
BRDA:315,50,0,1
BRDA:350,51,0,1
BRDA:363,52,0,1
BRDA:369,53,0,1
BRDA:380,54,0,1
BRDA:400,55,0,1
BRDA:404,56,0,1
BRDA:408,57,0,1
BRDA:409,58,0,1
BRDA:412,59,0,0
BRDA:413,60,0,0
BRDA:423,61,0,1
BRDA:427,62,0,1
BRDA:446,63,0,1
BRDA:453,64,0,1
BRDA:455,65,0,1
BRF:66
BRH:58
end_of_record
TN:
SF:libs/blocks/bulk-publish-v2/components/job-info.js
FN:14,get properties
FN:25,connectedCallback
FN:30,updated
FN:40,copyInvocationId
FN:47,renderStatus
FN:70,html.errFilter.html.errFilter
FN:85,renderTimer
FN:97,toggleTimes
FN:125,render
FNF:9
FNH:9
FNDA:1,get properties
FNDA:1,connectedCallback
FNDA:1,updated
FNDA:1,copyInvocationId
FNDA:1,renderStatus
FNDA:1,html.errFilter.html.errFilter
FNDA:1,renderTimer
FNDA:1,toggleTimes
FNDA:1,render
DA:1,1
DA:2,1
DA:3,1
DA:4,1
DA:5,1
DA:6,1
DA:7,1
DA:8,1
DA:9,1
DA:10,1
DA:11,1
DA:12,1
DA:13,1
DA:14,1
DA:15,1
DA:16,1
DA:17,1
DA:18,1
DA:19,1
DA:20,1
DA:21,1
DA:22,1
DA:23,1
DA:24,1
DA:25,1
DA:26,1
DA:27,1
DA:28,1
DA:29,1
DA:30,1
DA:31,1
DA:32,1
DA:33,1
DA:34,1
DA:35,1
DA:36,1
DA:37,1
DA:38,1
DA:39,1
DA:40,1
DA:41,1
DA:42,1
DA:43,1
DA:44,1
DA:45,1
DA:46,1
DA:47,1
DA:48,1
DA:49,1
DA:50,1
DA:51,1
DA:52,1
DA:53,1
DA:54,1
DA:55,1
DA:56,1
DA:57,1
DA:58,1
DA:59,1
DA:60,1
DA:61,1
DA:62,1
DA:63,1
DA:64,1
DA:65,1
DA:66,1
DA:67,1
DA:68,1
DA:69,1
DA:70,1
DA:71,1
DA:72,1
DA:73,1
DA:74,1
DA:75,1
DA:76,1
DA:77,1
DA:78,1
DA:79,1
DA:80,1
DA:81,1
DA:82,1
DA:83,1
DA:84,1
DA:85,1
DA:86,1
DA:87,1
DA:88,1
DA:89,1
DA:90,1
DA:91,1
DA:92,1
DA:93,1
DA:94,1
DA:95,1
DA:96,1
DA:97,1
DA:98,1
DA:99,1
DA:100,1
DA:101,1
DA:102,1
DA:103,1
DA:104,1
DA:105,1
DA:106,1
DA:107,1
DA:108,1
DA:109,1
DA:110,1
DA:111,1
DA:112,1
DA:113,1
DA:114,1
DA:115,1
DA:116,1
DA:117,1
DA:118,1
DA:119,1
DA:120,1
DA:121,1
DA:122,1
DA:123,1
DA:124,1
DA:125,1
DA:126,1
DA:127,1
DA:128,1
DA:129,1
DA:130,1
DA:131,1
DA:132,1
DA:133,1
DA:134,1
DA:135,1
DA:136,1
DA:137,1
DA:138,1
DA:139,1
DA:140,1
DA:141,1
DA:142,1
DA:143,1
DA:144,1
DA:145,1
DA:146,1
DA:147,1
DA:148,1
DA:149,1
DA:150,1
DA:151,1
DA:152,1
DA:153,1
DA:154,1
DA:155,1
LF:155
LH:155
BRDA:1,0,0,1
BRDA:7,1,0,0
BRDA:14,2,0,1
BRDA:25,3,0,1
BRDA:30,4,0,1
BRDA:40,5,0,1
BRDA:47,6,0,1
BRDA:70,7,0,1
BRDA:75,8,0,1
BRDA:85,9,0,1
BRDA:90,10,0,1
BRDA:112,11,0,0
BRDA:118,12,0,0
BRDA:88,13,0,1
BRDA:97,14,0,1
BRDA:125,15,0,1
BRF:16
BRH:13
end_of_record
TN:
SF:libs/blocks/bulk-publish-v2/components/job-process.js
FN:13,get properties
FN:22,JobProcess
FN:28,connectedCallback
FN:46,updated
FN:57,retry
FN:73,onClick
FN:88,getJob
FN:115,renderJobItem
FN:141,render
FNF:9
FNH:9
FNDA:1,get properties
FNDA:1,JobProcess
FNDA:1,connectedCallback
FNDA:1,updated
FNDA:1,retry
FNDA:1,onClick
FNDA:1,getJob
FNDA:1,renderJobItem
FNDA:1,render
DA:1,1
DA:2,1
DA:3,1
DA:4,1
DA:5,1
DA:6,1
DA:7,1
DA:8,1
DA:9,1
DA:10,1
DA:11,1
DA:12,1
DA:13,1
DA:14,1
DA:15,1
DA:16,1
DA:17,1
DA:18,1
DA:19,1
DA:20,1
DA:21,1
DA:22,1
DA:23,1
DA:24,1
DA:25,1
DA:26,1
DA:27,1
DA:28,1
DA:29,1
DA:30,1
DA:31,1
DA:32,1
DA:33,1
DA:34,1
DA:35,1
DA:36,1
DA:37,1
DA:38,1
DA:39,1
DA:40,1
DA:41,1
DA:42,1
DA:43,1
DA:44,1
DA:45,1
DA:46,1
DA:47,1
DA:48,1
DA:49,1
DA:50,1
DA:51,1
DA:52,1
DA:53,1
DA:54,1
DA:55,1
DA:56,1
DA:57,1
DA:58,1
DA:59,1
DA:60,1
DA:61,1
DA:62,1
DA:63,1
DA:64,1
DA:65,1
DA:66,1
DA:67,1
DA:68,1
DA:69,1
DA:70,1
DA:71,1
DA:72,1
DA:73,1
DA:74,1
DA:75,1
DA:76,1
DA:77,1
DA:78,1
DA:79,1
DA:80,1
DA:81,1
DA:82,1
DA:83,1
DA:84,1
DA:85,1
DA:86,1
DA:87,1
DA:88,1
DA:89,1
DA:90,1
DA:91,1
DA:92,1
DA:93,1
DA:94,1
DA:95,1
DA:96,1
DA:97,1
DA:98,1
DA:99,1
DA:100,1
DA:101,1
DA:102,1
DA:103,1
DA:104,1
DA:105,1
DA:106,1
DA:107,1
DA:108,1
DA:109,1
DA:110,1
DA:111,1
DA:112,1
DA:113,1
DA:114,1
DA:115,1
DA:116,1
DA:117,1
DA:118,1
DA:119,1
DA:120,1
DA:121,1
DA:122,1
DA:123,1
DA:124,1
DA:125,1
DA:126,1
DA:127,1
DA:128,1
DA:129,1
DA:130,1
DA:131,1
DA:132,1
DA:133,1
DA:134,1
DA:135,1
DA:136,1
DA:137,1
DA:138,1
DA:139,1
DA:140,1
DA:141,1
DA:142,1
DA:143,1
DA:144,1
DA:145,1
DA:146,1
DA:147,1
DA:148,1
DA:149,1
DA:150,1
DA:151,1
DA:152,1
DA:153,1
LF:153
LH:153
BRDA:1,0,0,1
BRDA:9,1,0,0
BRDA:13,2,0,1
BRDA:22,3,0,1
BRDA:28,4,0,1
BRDA:32,5,0,1
BRDA:36,6,0,1
BRDA:46,7,0,1
BRDA:52,8,0,0
BRDA:52,9,0,1
BRDA:57,10,0,1
BRDA:58,11,0,0
BRDA:60,12,0,1
BRDA:64,13,0,1
BRDA:69,14,0,1
BRDA:73,15,0,1
BRDA:77,16,0,1
BRDA:77,17,0,1
BRDA:77,18,0,1
BRDA:88,19,0,1
BRDA:91,20,0,1
BRDA:94,21,0,1
BRDA:115,22,0,1
BRDA:123,23,0,1
BRDA:141,24,0,1
BRDA:147,25,0,1
BRF:26
BRH:23
end_of_record
TN:
SF:libs/blocks/caas/caas.js
FN:20,getCaasStrings
FN:28,loadCaas
FN:75,init
FNF:3
FNH:3
FNDA:1,getCaasStrings
FNDA:1,loadCaas
FNDA:1,init
DA:1,1
DA:2,1
DA:3,1
DA:4,1
DA:5,1
DA:6,1
DA:7,1
DA:8,1
DA:9,1
DA:10,1
DA:11,1
DA:12,1
DA:13,1
DA:14,1
DA:15,1
DA:16,1
DA:17,1
DA:18,1
DA:19,1
DA:20,1
DA:21,1
DA:22,1
DA:23,1
DA:24,1
DA:25,1
DA:26,1
DA:27,1
DA:28,1
DA:29,1
DA:30,1
DA:31,1
DA:32,1
DA:33,1
DA:34,1
DA:35,1
DA:36,1
DA:37,1
DA:38,1
DA:39,1
DA:40,1
DA:41,1
DA:42,1
DA:43,1
DA:44,1
DA:45,1
DA:46,1
DA:47,1
DA:48,1
DA:49,1
DA:50,1
DA:51,1
DA:52,0
DA:53,0
DA:54,1
DA:55,1
DA:56,1
DA:57,1
DA:58,1
DA:59,1
DA:60,0
DA:61,1
DA:62,0
DA:63,0
DA:64,0
DA:65,1
DA:66,1
DA:67,0
DA:68,0
DA:69,1
DA:70,1
DA:71,1
DA:72,1
DA:73,1
DA:74,1
DA:75,1
DA:76,1
DA:77,0
DA:78,1
DA:79,1
DA:80,1
DA:81,1
DA:82,1
DA:83,1
DA:84,1
DA:85,1
LF:85
LH:76
BRDA:1,0,0,1
BRDA:20,1,0,1
BRDA:20,2,0,1
BRDA:28,3,0,1
BRDA:51,4,0,0
BRDA:59,5,0,0
BRDA:59,6,0,0
BRDA:61,7,0,0
BRDA:66,8,0,0
BRDA:66,9,0,0
BRDA:75,10,0,1
BRDA:76,11,0,0
BRF:12
BRH:5
end_of_record
TN:
SF:libs/blocks/caas/utils.js
FN:120,getPageLocale
FN:129,isValidHtmlUrl
FN:133,isValidUuid
FN:135,loadStrings
FN:172,decodeCompressedString
FN:201,loadCaasFiles
FN:220,loadCaasTags
FN:257,getContentIdStr
FN:264,wrapInParens
FN:266,buildComplexQuery
FN:293,getSortOptions
FN:318,findTagById
FN:330,alphaSort
FN:339,getLocalTitle
FN:343,getFilterObj
FN:380,getCustomFilterObj
FN:404,getCategoryArray
FN:424,getFilterArray
FN:446,getCountryAndLang
FN:473,findTupleIndex
FN:484,addFloodgateHeader
FN:493,arrayToObj
FN:507,addMissingStateProps
FN:517,fetchUuidForCard
FN:534,getCardsString
FN:542,getConfig
FN:741,initCaas
FN:176,b64decode
FN:184,b64toStream
FN:186,decompressStream
FN:191,responseToJSON
FNF:31
FNH:30
FNDA:2,getPageLocale
FNDA:1,isValidHtmlUrl
FNDA:3,isValidUuid
FNDA:3,loadStrings
FNDA:2,decodeCompressedString
FNDA:2,loadCaasFiles
FNDA:4,loadCaasTags
FNDA:1,getContentIdStr
FNDA:1,wrapInParens
FNDA:3,buildComplexQuery
FNDA:3,getSortOptions
FNDA:1,findTagById
FNDA:1,alphaSort
FNDA:1,getLocalTitle
FNDA:2,getFilterObj
FNDA:0,getCustomFilterObj
FNDA:3,getCategoryArray
FNDA:3,getFilterArray
FNDA:3,getCountryAndLang
FNDA:3,findTupleIndex
FNDA:3,addFloodgateHeader
FNDA:3,arrayToObj
FNDA:3,addMissingStateProps
FNDA:2,fetchUuidForCard
FNDA:3,getCardsString
FNDA:3,getConfig
FNDA:2,initCaas
FNDA:2,b64decode
FNDA:2,b64toStream
FNDA:2,decompressStream
FNDA:2,responseToJSON
DA:1,7
DA:2,7
DA:3,7
DA:4,7
DA:5,7
DA:6,7
DA:7,7
DA:8,7
DA:9,7
DA:10,7
DA:11,7
DA:12,7
DA:13,7
DA:14,7
DA:15,7
DA:16,7
DA:17,7
DA:18,7
DA:19,7
DA:20,7
DA:21,7
DA:22,7
DA:23,7
DA:24,7
DA:25,7
DA:26,7
DA:27,7
DA:28,7
DA:29,7
DA:30,7
DA:31,7
DA:32,7
DA:33,7
DA:34,7
DA:35,7
DA:36,7
DA:37,7
DA:38,7
DA:39,7
DA:40,7
DA:41,7
DA:42,7
DA:43,7
DA:44,7
DA:45,7
DA:46,7
DA:47,7
DA:48,7
DA:49,7
DA:50,7
DA:51,7
DA:52,7
DA:53,7
DA:54,7
DA:55,7
DA:56,7
DA:57,7
DA:58,7
DA:59,7
DA:60,7
DA:61,7
DA:62,7
DA:63,7
DA:64,7
DA:65,7
DA:66,7
DA:67,7
DA:68,7
DA:69,7
DA:70,7
DA:71,7
DA:72,7
DA:73,7
DA:74,7
DA:75,7
DA:76,7
DA:77,7
DA:78,7
DA:79,7
DA:80,7
DA:81,7
DA:82,7
DA:83,7
DA:84,7
DA:85,7
DA:86,7
DA:87,7
DA:88,7
DA:89,7
DA:90,7
DA:91,7
DA:92,7
DA:93,7
DA:94,7
DA:95,7
DA:96,7
DA:97,7
DA:98,7
DA:99,7
DA:100,7
DA:101,7
DA:102,7
DA:103,7
DA:104,7
DA:105,7
DA:106,7
DA:107,7
DA:108,7
DA:109,7
DA:110,7
DA:111,7
DA:112,7
DA:113,7
DA:114,7
DA:115,7
DA:116,7
DA:117,7
DA:118,7
DA:119,7
DA:120,7
DA:121,2
DA:122,2
DA:123,1
DA:124,1
DA:125,2
DA:126,2
DA:127,2
DA:128,7
DA:129,7
DA:130,1
DA:131,1
DA:132,7
DA:133,7
DA:134,7
DA:135,7
DA:136,3
DA:137,3
DA:138,3
DA:139,3
DA:140,3
DA:141,3
DA:142,3
DA:143,3
DA:144,3
DA:145,2
DA:146,2
DA:147,2
DA:148,2
DA:149,2
DA:150,2
DA:151,2
DA:152,2
DA:153,2
DA:154,2
DA:155,2
DA:156,2
DA:157,2
DA:158,2
DA:159,1
DA:160,1
DA:161,1
DA:162,1
DA:163,1
DA:164,1
DA:165,1
DA:166,2
DA:167,3
DA:168,2
DA:169,2
DA:170,7
DA:171,7
DA:172,7
DA:173,2
DA:174,0
DA:175,0
DA:176,2
DA:177,2
DA:178,2
DA:179,2
DA:180,2
DA:181,2
DA:182,2
DA:183,2
DA:184,2
DA:185,2
DA:186,2
DA:187,2
DA:188,2
DA:189,2
DA:190,2
DA:191,2
DA:192,2
DA:193,2
DA:194,2
DA:195,2
DA:196,2
DA:197,2
DA:198,2
DA:199,7
DA:200,7
DA:201,7
DA:202,2
DA:203,2
DA:204,2
DA:205,2
DA:206,2
DA:207,2
DA:208,2
DA:209,2
DA:210,0
DA:211,0
DA:212,0
DA:213,2
DA:214,2
DA:215,2
DA:216,2
DA:217,2
DA:218,7
DA:219,7
DA:220,7
DA:221,4
DA:222,4
DA:223,3
DA:224,3
DA:225,3
DA:226,3
DA:227,3
DA:228,3
DA:229,3
DA:230,3
DA:231,3
DA:232,3
DA:233,3
DA:234,2
DA:235,2
DA:236,4
DA:237,1
DA:238,1
DA:239,3
DA:240,3
DA:241,3
DA:242,3
DA:243,3
DA:244,3
DA:245,7
DA:246,7
DA:247,7
DA:248,7
DA:249,7
DA:250,3
DA:251,3
DA:252,3
DA:253,3
DA:254,7
DA:255,7
DA:256,7
DA:257,7
DA:258,1
DA:259,1
DA:260,1
DA:261,1
DA:262,7
DA:263,7
DA:264,7
DA:265,7
DA:266,7
DA:267,3
DA:268,3
DA:269,3
DA:270,3
DA:271,3
DA:272,3
DA:273,3
DA:274,3
DA:275,3
DA:276,3
DA:277,3
DA:278,3
DA:279,3
DA:280,3
DA:281,3
DA:282,3
DA:283,3
DA:284,3
DA:285,3
DA:286,3
DA:287,3
DA:288,1
DA:289,1
DA:290,3
DA:291,7
DA:292,7
DA:293,7
DA:294,3
DA:295,3
DA:296,3
DA:297,3
DA:298,3
DA:299,3
DA:300,3
DA:301,3
DA:302,3
DA:303,3
DA:304,3
DA:305,3
DA:306,3
DA:307,3
DA:308,3
DA:309,0
DA:310,0
DA:311,0
DA:312,0
DA:313,0
DA:314,3
DA:315,3
DA:316,7
DA:317,7
DA:318,7
DA:319,1
DA:320,1
DA:321,1
DA:322,1
DA:323,1
DA:324,1
DA:325,1
DA:326,1
DA:327,1
DA:328,7
DA:329,7
DA:330,7
DA:331,1
DA:332,1
DA:333,1
DA:334,1
DA:335,7
DA:336,7
DA:337,7
DA:338,7
DA:339,7
DA:340,1
DA:341,7
DA:342,7
DA:343,7
DA:344,2
DA:345,2
DA:346,2
DA:347,2
DA:348,2
DA:349,2
DA:350,2
DA:351,1
DA:352,1
DA:353,1
DA:354,1
DA:355,1
DA:356,1
DA:357,1
DA:358,1
DA:359,1
DA:360,1
DA:361,1
DA:362,1
DA:363,1
DA:364,1
DA:365,1
DA:366,1
DA:367,1
DA:368,1
DA:369,1
DA:370,1
DA:371,1
DA:372,1
DA:373,1
DA:374,1
DA:375,1
DA:376,1
DA:377,1
DA:378,7
DA:379,7
DA:380,7
DA:381,0
DA:382,0
DA:383,0
DA:384,0
DA:385,0
DA:386,0
DA:387,0
DA:388,0
DA:389,0
DA:390,0
DA:391,0
DA:392,0
DA:393,0
DA:394,0
DA:395,0
DA:396,0
DA:397,0
DA:398,0
DA:399,0
DA:400,0
DA:401,0
DA:402,7
DA:403,7
DA:404,7
DA:405,3
DA:406,3
DA:407,3
DA:408,3
DA:409,3
DA:410,3
DA:411,3
DA:412,3
DA:413,3
DA:414,3
DA:415,3
DA:416,3
DA:417,3
DA:418,3
DA:419,3
DA:420,3
DA:421,3
DA:422,7
DA:423,7
DA:424,7
DA:425,3
DA:426,2
DA:427,2
DA:428,3
DA:429,3
DA:430,3
DA:431,3
DA:432,3
DA:433,3
DA:434,3
DA:435,3
DA:436,3
DA:437,3
DA:438,1
DA:439,1
DA:440,1
DA:441,1
DA:442,3
DA:443,3
DA:444,7
DA:445,7
DA:446,7
DA:447,3
DA:448,3
DA:449,1
DA:450,1
DA:451,1
DA:452,1
DA:453,1
DA:454,1
DA:455,1
DA:456,1
DA:457,1
DA:458,1
DA:459,1
DA:460,3
DA:461,3
DA:462,3
DA:463,3
DA:464,3
DA:465,3
DA:466,7
DA:467,7
DA:468,7
DA:469,7
DA:470,7
DA:471,7
DA:472,7
DA:473,7
DA:474,3
DA:475,3
DA:476,7
DA:477,7
DA:478,7
DA:479,7
DA:480,7
DA:481,7
DA:482,7
DA:483,7
DA:484,7
DA:485,3
DA:486,3
DA:487,3
DA:488,1
DA:489,1
DA:490,3
DA:491,7
DA:492,7
DA:493,7
DA:494,3
DA:495,3
DA:496,1
DA:497,1
DA:498,1
DA:499,3
DA:500,2
DA:501,1
DA:502,1
DA:503,3
DA:504,3
DA:505,3
DA:506,7
DA:507,7
DA:508,3
DA:509,3
DA:510,3
DA:511,1
DA:512,1
DA:513,3
DA:514,3
DA:515,7
DA:516,7
DA:517,7
DA:518,2
DA:519,1
DA:520,1
DA:521,2
DA:522,2
DA:523,2
DA:524,2
DA:525,2
DA:526,2
DA:527,2
DA:528,2
DA:529,2
DA:530,1
DA:531,1
DA:532,7
DA:533,7
DA:534,7
DA:535,3
DA:536,2
DA:537,2
DA:538,3
DA:539,3
DA:540,7
DA:541,7
DA:542,7
DA:543,3
DA:544,3
DA:545,3
DA:546,3
DA:547,3
DA:548,3
DA:549,3
DA:550,3
DA:551,3
DA:552,3
DA:553,3
DA:554,3
DA:555,3
DA:556,3
DA:557,3
DA:558,3
DA:559,3
DA:560,3
DA:561,3
DA:562,3
DA:563,3
DA:564,3
DA:565,3
DA:566,3
DA:567,3
DA:568,3
DA:569,3
DA:570,3
DA:571,3
DA:572,3
DA:573,3
DA:574,3
DA:575,3
DA:576,3
DA:577,1
DA:578,3
DA:579,3
DA:580,3
DA:581,3
DA:582,3
DA:583,3
DA:584,3
DA:585,3
DA:586,3
DA:587,3
DA:588,3
DA:589,3
DA:590,3
DA:591,3
DA:592,3
DA:593,3
DA:594,3
DA:595,3
DA:596,3
DA:597,3
DA:598,3
DA:599,3
DA:600,3
DA:601,3
DA:602,3
DA:603,3
DA:604,3
DA:605,3
DA:606,3
DA:607,3
DA:608,3
DA:609,3
DA:610,3
DA:611,3
DA:612,3
DA:613,3
DA:614,3
DA:615,3
DA:616,3
DA:617,3
DA:618,3
DA:619,3
DA:620,3
DA:621,3
DA:622,3
DA:623,3
DA:624,3
DA:625,3
DA:626,3
DA:627,3
DA:628,3
DA:629,3
DA:630,3
DA:631,3
DA:632,3
DA:633,3
DA:634,3
DA:635,3
DA:636,3
DA:637,3
DA:638,3
DA:639,3
DA:640,3
DA:641,3
DA:642,3
DA:643,3
DA:644,3
DA:645,3
DA:646,3
DA:647,3
DA:648,3
DA:649,3
DA:650,3
DA:651,3
DA:652,3
DA:653,3
DA:654,3
DA:655,3
DA:656,3
DA:657,3
DA:658,3
DA:659,3
DA:660,3
DA:661,3
DA:662,3
DA:663,3
DA:664,3
DA:665,3
DA:666,3
DA:667,3
DA:668,3
DA:669,3
DA:670,3
DA:671,3
DA:672,3
DA:673,3
DA:674,3
DA:675,3
DA:676,3
DA:677,3
DA:678,3
DA:679,3
DA:680,3
DA:681,3
DA:682,3
DA:683,3
DA:684,3
DA:685,3
DA:686,3
DA:687,3
DA:688,3
DA:689,3
DA:690,3
DA:691,3
DA:692,3
DA:693,3
DA:694,3
DA:695,3
DA:696,3
DA:697,3
DA:698,3
DA:699,3
DA:700,3
DA:701,3
DA:702,3
DA:703,3
DA:704,3
DA:705,3
DA:706,3
DA:707,3
DA:708,3
DA:709,3
DA:710,3
DA:711,3
DA:712,3
DA:713,3
DA:714,3
DA:715,3
DA:716,3
DA:717,3
DA:718,3
DA:719,3
DA:720,3
DA:721,3
DA:722,3
DA:723,3
DA:724,3
DA:725,3
DA:726,3
DA:727,3
DA:728,3
DA:729,3
DA:730,3
DA:731,3
DA:732,3
DA:733,3
DA:734,3
DA:735,3
DA:736,3
DA:737,3
DA:738,3
DA:739,7
DA:740,7
DA:741,7
DA:742,2
DA:743,2
DA:744,2
DA:745,2
DA:746,2
DA:747,2
DA:748,2
DA:749,2
DA:750,2
DA:751,2
DA:752,2
DA:753,2
DA:754,2
DA:755,2
DA:756,2
DA:757,2
DA:758,2
DA:759,7
DA:760,7
DA:761,7
DA:762,7
DA:763,7
DA:764,7
DA:765,7
DA:766,7
DA:767,7
DA:768,7
DA:769,7
DA:770,7
DA:771,7
DA:772,7
DA:773,7
DA:774,7
DA:775,7
DA:776,7
DA:777,7
DA:778,7
DA:779,7
DA:780,7
DA:781,7
DA:782,7
DA:783,7
DA:784,7
DA:785,7
DA:786,7
DA:787,7
DA:788,7
DA:789,7
DA:790,7
DA:791,7
DA:792,7
DA:793,7
DA:794,7
DA:795,7
DA:796,7
DA:797,7
DA:798,7
DA:799,7
DA:800,7
DA:801,7
DA:802,7
DA:803,7
DA:804,7
DA:805,7
DA:806,7
DA:807,7
DA:808,7
DA:809,7
DA:810,7
DA:811,7
DA:812,7
DA:813,7
DA:814,7
DA:815,7
DA:816,7
DA:817,7
DA:818,7
DA:819,7
DA:820,7
DA:821,7
DA:822,7
DA:823,7
DA:824,7
DA:825,7
DA:826,7
DA:827,7
DA:828,7
DA:829,7
DA:830,7
DA:831,7
DA:832,7
DA:833,7
DA:834,7
DA:835,7
DA:836,7
DA:837,7
DA:838,7
DA:839,7
DA:840,7
DA:841,7
DA:842,7
DA:843,7
DA:844,7
DA:845,7
DA:846,7
DA:847,7
DA:848,7
DA:849,7
DA:850,7
DA:851,7
DA:852,7
DA:853,7
LF:853
LH:822
BRDA:1,0,0,4
BRDA:133,1,0,5
BRDA:247,2,0,4
BRDA:120,3,0,5
BRDA:122,4,0,4
BRDA:135,5,0,5
BRDA:140,6,0,3
BRDA:144,7,0,4
BRDA:172,8,0,4
BRDA:173,9,0,2
BRDA:176,10,0,4
BRDA:180,11,0,4
BRDA:184,12,0,4
BRDA:186,13,0,4
BRDA:191,14,0,4
BRDA:201,15,0,4
BRDA:209,16,0,2
BRDA:220,17,0,6
BRDA:223,18,0,4
BRDA:236,19,0,3
BRDA:249,20,0,5
BRDA:266,21,0,5
BRDA:282,22,0,3
BRDA:283,23,0,3
BRDA:284,24,0,2
BRDA:287,25,0,3
BRDA:293,26,0,5
BRDA:306,27,0,5
BRDA:308,28,0,2
BRDA:404,29,0,5
BRDA:407,30,0,5
BRDA:408,31,0,5
BRDA:411,32,0,5
BRDA:424,33,0,5
BRDA:425,34,0,4
BRDA:446,35,0,5
BRDA:448,36,0,3
BRDA:461,37,0,3
BRDA:462,38,0,3
BRDA:473,39,0,5
BRDA:484,40,0,5
BRDA:487,41,0,3
BRDA:493,42,0,5
BRDA:495,43,0,3
BRDA:507,44,0,5
BRDA:509,45,0,5
BRDA:534,46,0,5
BRDA:542,47,0,5
BRDA:544,48,0,2
BRDA:546,49,0,2
BRDA:548,50,0,2
BRDA:549,51,0,2
BRDA:551,52,0,4
BRDA:551,53,0,4
BRDA:552,54,0,4
BRDA:553,55,0,2
BRDA:554,56,0,2
BRDA:554,57,0,2
BRDA:555,58,0,2
BRDA:556,59,0,2
BRDA:576,60,0,3
BRDA:576,61,0,3
BRDA:589,62,0,2
BRDA:627,63,0,4
BRDA:741,64,0,4
BRDA:744,65,0,3
BRDA:745,66,0,2
BRDA:167,67,0,4
BRDA:158,68,0,4
BRDA:163,69,0,3
BRDA:222,70,0,5
BRDA:264,71,0,5
BRDA:282,72,0,4
BRDA:283,73,0,4
BRDA:286,74,0,4
BRDA:288,75,0,2
BRDA:289,76,0,2
BRDA:289,77,0,2
BRDA:290,78,0,4
BRDA:268,79,0,5
BRDA:269,80,0,5
BRDA:269,81,0,5
BRDA:273,82,0,5
BRDA:274,83,0,5
BRDA:274,84,0,5
BRDA:318,85,0,5
BRDA:319,86,0,5
BRDA:322,87,0,5
BRDA:330,88,0,5
BRDA:335,89,0,5
BRDA:339,90,0,5
BRDA:343,91,0,5
BRDA:350,92,0,4
BRDA:353,93,0,3
BRDA:355,94,0,4
BRDA:363,95,0,4
BRDA:425,96,0,4
BRDA:425,97,0,4
BRDA:437,98,0,3
BRDA:435,99,0,5
BRDA:436,100,0,5
BRDA:450,101,0,2
BRDA:474,102,0,5
BRDA:499,103,0,5
BRDA:510,104,0,3
BRDA:517,105,0,5
BRDA:518,106,0,4
BRDA:529,107,0,4
BRDA:535,108,0,5
BRDA:537,109,0,4
BRDA:551,110,0,4
BRDA:552,111,0,4
BRDA:588,112,0,4
BRDA:592,113,0,4
BRDA:594,114,0,4
BRDA:627,115,0,4
BRDA:640,116,0,4
BRDA:646,117,0,4
BRDA:659,118,0,4
BRDA:732,119,0,4
BRDA:129,120,0,4
BRDA:257,121,0,4
BRDA:259,122,0,3
BRDA:351,123,0,4
BRDA:500,124,0,4
BRDA:500,125,0,4
BRDA:223,126,0,4
BRDA:223,127,0,4
BRDA:233,128,0,4
BRDA:236,129,0,5
BRF:130
BRH:130
end_of_record
TN:
SF:libs/blocks/caas-config/caas-config.js
FN:36,cloneObj
FN:38,updateObj
FN:46,getHashConfig
FN:223,getTagList
FN:228,getTagTree
FN:244,Select
FN:247,onSelectChange
FN:267,Input
FN:272,onInputChange
FN:297,DropdownSelect
FN:299,onChange
FN:319,BasicsPanel
FN:359,UiPanel
FN:396,TagsPanel
FN:403,onLogicTagChange
FN:467,CardsPanel
FN:472,onChange
FN:513,BookmarksPanel
FN:525,SortPanel
FN:558,FilterPanel
FN:564,onChange
FN:636,SearchPanel
FN:645,PaginationPanel
FN:673,TargetPanel
FN:679,AnalyticsPanel
FN:682,AdvancedPanel
FN:685,onClick
FN:689,onChange
FN:697,getAdditionalQueryParams
FN:732,reducer
FN:748,getInitialState
FN:769,saveStateToLocalStorage
FN:781,fgKeyReplacer
FN:783,getEncodedObject
FN:788,objToStream
FN:793,compressStream
FN:798,responseToBuffer
FN:803,b64encode
FN:812,CopyBtn
FN:819,setTempStatus
FN:826,getUrl
FN:835,copyConfig
FN:894,getPanels
FN:946,addIdOverlays
FN:963,idOverlayMO
FN:971,Configurator
FN:993,setInitialState
FN:1034,toogleCollapsed
FN:1063,init
FNF:49
FNH:48
FNDA:1,cloneObj
FNDA:1,updateObj
FNDA:1,getHashConfig
FNDA:1,getTagList
FNDA:1,getTagTree
FNDA:1,Select
FNDA:1,onSelectChange
FNDA:1,Input
FNDA:1,onInputChange
FNDA:1,DropdownSelect
FNDA:1,onChange
FNDA:1,BasicsPanel
FNDA:1,UiPanel
FNDA:1,TagsPanel
FNDA:1,onLogicTagChange
FNDA:1,CardsPanel
FNDA:1,onChange
FNDA:1,BookmarksPanel
FNDA:1,SortPanel
FNDA:1,FilterPanel
FNDA:1,onChange
FNDA:1,SearchPanel
FNDA:1,PaginationPanel
FNDA:1,TargetPanel
FNDA:1,AnalyticsPanel
FNDA:1,AdvancedPanel
FNDA:1,onClick
FNDA:1,onChange
FNDA:1,getAdditionalQueryParams
FNDA:1,reducer
FNDA:1,getInitialState
FNDA:1,saveStateToLocalStorage
FNDA:1,fgKeyReplacer
FNDA:1,getEncodedObject
FNDA:1,objToStream
FNDA:1,compressStream
FNDA:1,responseToBuffer
FNDA:1,b64encode
FNDA:1,CopyBtn
FNDA:1,setTempStatus
FNDA:1,getUrl
FNDA:1,copyConfig
FNDA:1,getPanels
FNDA:1,addIdOverlays
FNDA:1,idOverlayMO
FNDA:1,Configurator
FNDA:1,setInitialState
FNDA:0,toogleCollapsed
FNDA:1,init
DA:1,1
DA:2,1
DA:3,1
DA:4,1
DA:5,1
DA:6,1
DA:7,1
DA:8,1
DA:9,1
DA:10,1
DA:11,1
DA:12,1
DA:13,1
DA:14,1
DA:15,1
DA:16,1
DA:17,1
DA:18,1
DA:19,1
DA:20,1
DA:21,1
DA:22,1
DA:23,1
DA:24,1
DA:25,1
DA:26,1
DA:27,1
DA:28,1
DA:29,1
DA:30,1
DA:31,1
DA:32,1
DA:33,1
DA:34,1
DA:35,1
DA:36,1
DA:37,1
DA:38,1
DA:39,1
DA:40,1
DA:41,1
DA:42,1
DA:43,1
DA:44,1
DA:45,1
DA:46,1
DA:47,1
DA:48,1
DA:49,1
DA:50,1
DA:51,1
DA:52,1
DA:53,1
DA:54,1
DA:55,1
DA:56,1
DA:57,1
DA:58,1
DA:59,1
DA:60,1
DA:61,1
DA:62,1
DA:63,1
DA:64,1
DA:65,1
DA:66,1
DA:67,1
DA:68,1
DA:69,1
DA:70,1
DA:71,1
DA:72,1
DA:73,1
DA:74,1
DA:75,1
DA:76,1
DA:77,1
DA:78,1
DA:79,1
DA:80,1
DA:81,1
DA:82,1
DA:83,1
DA:84,1
DA:85,1
DA:86,1
DA:87,1
DA:88,1
DA:89,1
DA:90,1
DA:91,1
DA:92,1
DA:93,1
DA:94,1
DA:95,1
DA:96,1
DA:97,1
DA:98,1
DA:99,1
DA:100,1
DA:101,1
DA:102,1
DA:103,1
DA:104,1
DA:105,1
DA:106,1
DA:107,1
DA:108,1
DA:109,1
DA:110,1
DA:111,1
DA:112,1
DA:113,1
DA:114,1
DA:115,1
DA:116,1
DA:117,1
DA:118,1
DA:119,1
DA:120,1
DA:121,1
DA:122,1
DA:123,1
DA:124,1
DA:125,1
DA:126,1
DA:127,1
DA:128,1
DA:129,1
DA:130,1
DA:131,1
DA:132,1
DA:133,1
DA:134,1
DA:135,1
DA:136,1
DA:137,1
DA:138,1
DA:139,1
DA:140,1
DA:141,1
DA:142,1
DA:143,1
DA:144,1
DA:145,1
DA:146,1
DA:147,1
DA:148,1
DA:149,1
DA:150,1
DA:151,1
DA:152,1
DA:153,1
DA:154,1
DA:155,1
DA:156,1
DA:157,1
DA:158,1
DA:159,1
DA:160,1
DA:161,1
DA:162,1
DA:163,1
DA:164,1
DA:165,1
DA:166,1
DA:167,1
DA:168,1
DA:169,1
DA:170,1
DA:171,1
DA:172,1
DA:173,1
DA:174,1
DA:175,1
DA:176,1
DA:177,1
DA:178,1
DA:179,1
DA:180,1
DA:181,1
DA:182,1
DA:183,1
DA:184,1
DA:185,1
DA:186,1
DA:187,1
DA:188,1
DA:189,1
DA:190,1
DA:191,1
DA:192,1
DA:193,1
DA:194,1
DA:195,1
DA:196,1
DA:197,1
DA:198,1
DA:199,1
DA:200,1
DA:201,1
DA:202,1
DA:203,1
DA:204,1
DA:205,1
DA:206,1
DA:207,1
DA:208,1
DA:209,1
DA:210,1
DA:211,1
DA:212,1
DA:213,1
DA:214,1
DA:215,1
DA:216,1
DA:217,1
DA:218,1
DA:219,1
DA:220,1
DA:221,1
DA:222,1
DA:223,1
DA:224,1
DA:225,1
DA:226,1
DA:227,1
DA:228,1
DA:229,1
DA:230,1
DA:231,1
DA:232,1
DA:233,1
DA:234,1
DA:235,1
DA:236,1
DA:237,1
DA:238,1
DA:239,1
DA:240,1
DA:241,1
DA:242,1
DA:243,1
DA:244,1
DA:245,1
DA:246,1
DA:247,1
DA:248,1
DA:249,1
DA:250,1
DA:251,1
DA:252,1
DA:253,1
DA:254,1
DA:255,1
DA:256,1
DA:257,1
DA:258,1
DA:259,1
DA:260,1
DA:261,1
DA:262,1
DA:263,1
DA:264,1
DA:265,1
DA:266,1
DA:267,1
DA:268,1
DA:269,1
DA:270,1
DA:271,1
DA:272,1
DA:273,1
DA:274,1
DA:275,1
DA:276,1
DA:277,1
DA:278,1
DA:279,1
DA:280,1
DA:281,1
DA:282,1
DA:283,1
DA:284,1
DA:285,1
DA:286,1
DA:287,1
DA:288,1
DA:289,1
DA:290,1
DA:291,1
DA:292,1
DA:293,1
DA:294,1
DA:295,1
DA:296,1
DA:297,1
DA:298,1
DA:299,1
DA:300,1
DA:301,1
DA:302,1
DA:303,1
DA:304,1
DA:305,1
DA:306,1
DA:307,1
DA:308,1
DA:309,1
DA:310,1
DA:311,1
DA:312,1
DA:313,1
DA:314,1
DA:315,1
DA:316,1
DA:317,1
DA:318,1
DA:319,1
DA:320,1
DA:321,1
DA:322,1
DA:323,1
DA:324,1
DA:325,1
DA:326,1
DA:327,1
DA:328,1
DA:329,1
DA:330,1
DA:331,1
DA:332,1
DA:333,1
DA:334,1
DA:335,1
DA:336,1
DA:337,1
DA:338,1
DA:339,1
DA:340,1
DA:341,1
DA:342,1
DA:343,1
DA:344,1
DA:345,1
DA:346,1
DA:347,1
DA:348,1
DA:349,1
DA:350,1
DA:351,1
DA:352,1
DA:353,1
DA:354,1
DA:355,1
DA:356,1
DA:357,1
DA:358,1
DA:359,1
DA:360,1
DA:361,1
DA:362,1
DA:363,1
DA:364,1
DA:365,1
DA:366,1
DA:367,1
DA:368,1
DA:369,1
DA:370,1
DA:371,1
DA:372,1
DA:373,1
DA:374,1
DA:375,1
DA:376,1
DA:377,1
DA:378,1
DA:379,1
DA:380,1
DA:381,1
DA:382,1
DA:383,1
DA:384,1
DA:385,1
DA:386,1
DA:387,1
DA:388,1
DA:389,1
DA:390,1
DA:391,1
DA:392,1
DA:393,1
DA:394,1
DA:395,1
DA:396,1
DA:397,1
DA:398,1
DA:399,1
DA:400,1
DA:401,1
DA:402,1
DA:403,1
DA:404,1
DA:405,1
DA:406,1
DA:407,1
DA:408,1
DA:409,1
DA:410,1
DA:411,1
DA:412,1
DA:413,1
DA:414,1
DA:415,1
DA:416,1
DA:417,1
DA:418,1
DA:419,1
DA:420,1
DA:421,1
DA:422,1
DA:423,1
DA:424,1
DA:425,1
DA:426,1
DA:427,1
DA:428,1
DA:429,1
DA:430,1
DA:431,1
DA:432,1
DA:433,1
DA:434,1
DA:435,1
DA:436,1
DA:437,1
DA:438,1
DA:439,1
DA:440,1
DA:441,1
DA:442,1
DA:443,1
DA:444,1
DA:445,1
DA:446,1
DA:447,1
DA:448,1
DA:449,1
DA:450,1
DA:451,1
DA:452,1
DA:453,1
DA:454,1
DA:455,1
DA:456,1
DA:457,1
DA:458,1
DA:459,1
DA:460,1
DA:461,1
DA:462,1
DA:463,1
DA:464,1
DA:465,1
DA:466,1
DA:467,1
DA:468,1
DA:469,1
DA:470,1
DA:471,1
DA:472,1
DA:473,1
DA:474,1
DA:475,1
DA:476,1
DA:477,1
DA:478,1
DA:479,1
DA:480,1
DA:481,1
DA:482,1
DA:483,1
DA:484,1
DA:485,1
DA:486,1
DA:487,1
DA:488,1
DA:489,1
DA:490,1
DA:491,1
DA:492,1
DA:493,1
DA:494,1
DA:495,1
DA:496,1
DA:497,1
DA:498,1
DA:499,1
DA:500,1
DA:501,1
DA:502,1
DA:503,1
DA:504,1
DA:505,1
DA:506,1
DA:507,1
DA:508,1
DA:509,1
DA:510,1
DA:511,1
DA:512,1
DA:513,1
DA:514,1
DA:515,1
DA:516,1
DA:517,1
DA:518,1
DA:519,1
DA:520,1
DA:521,1
DA:522,1
DA:523,1
DA:524,1
DA:525,1
DA:526,1
DA:527,1
DA:528,1
DA:529,1
DA:530,1
DA:531,1
DA:532,1
DA:533,1
DA:534,1
DA:535,1
DA:536,1
DA:537,1
DA:538,1
DA:539,1
DA:540,1
DA:541,1
DA:542,1
DA:543,1
DA:544,1
DA:545,1
DA:546,1
DA:547,1
DA:548,1
DA:549,1
DA:550,1
DA:551,1
DA:552,1
DA:553,1
DA:554,1
DA:555,1
DA:556,1
DA:557,1
DA:558,1
DA:559,1
DA:560,1
DA:561,1
DA:562,1
DA:563,1
DA:564,1
DA:565,1
DA:566,1
DA:567,1
DA:568,1
DA:569,1
DA:570,1
DA:571,1
DA:572,1
DA:573,1
DA:574,1
DA:575,1
DA:576,1
DA:577,1
DA:578,1
DA:579,1
DA:580,1
DA:581,1
DA:582,1
DA:583,1
DA:584,1
DA:585,1
DA:586,1
DA:587,1
DA:588,1
DA:589,1
DA:590,1
DA:591,1
DA:592,1
DA:593,1
DA:594,1
DA:595,1
DA:596,1
DA:597,1
DA:598,1
DA:599,1
DA:600,1
DA:601,1
DA:602,1
DA:603,1
DA:604,1
DA:605,1
DA:606,1
DA:607,1
DA:608,1
DA:609,1
DA:610,1
DA:611,1
DA:612,1
DA:613,1
DA:614,1
DA:615,1
DA:616,1
DA:617,1
DA:618,1
DA:619,1
DA:620,1
DA:621,1
DA:622,1
DA:623,1
DA:624,1
DA:625,1
DA:626,1
DA:627,1
DA:628,1
DA:629,1
DA:630,1
DA:631,1
DA:632,1
DA:633,1
DA:634,1
DA:635,1
DA:636,1
DA:637,1
DA:638,1
DA:639,1
DA:640,1
DA:641,1
DA:642,1
DA:643,1
DA:644,1
DA:645,1
DA:646,1
DA:647,1
DA:648,1
DA:649,1
DA:650,1
DA:651,1
DA:652,1
DA:653,1
DA:654,1
DA:655,1
DA:656,1
DA:657,1
DA:658,1
DA:659,1
DA:660,1
DA:661,1
DA:662,1
DA:663,1
DA:664,1
DA:665,1
DA:666,1
DA:667,1
DA:668,1
DA:669,1
DA:670,1
DA:671,1
DA:672,1
DA:673,1
DA:674,1
DA:675,1
DA:676,1
DA:677,1
DA:678,1
DA:679,1
DA:680,1
DA:681,1
DA:682,1
DA:683,1
DA:684,1
DA:685,1
DA:686,1
DA:687,1
DA:688,1
DA:689,1
DA:690,1
DA:691,1
DA:692,1
DA:693,1
DA:694,1
DA:695,1
DA:696,1
DA:697,1
DA:698,1
DA:699,1
DA:700,1
DA:701,1
DA:702,1
DA:703,1
DA:704,1
DA:705,1
DA:706,1
DA:707,1
DA:708,1
DA:709,1
DA:710,1
DA:711,1
DA:712,1
DA:713,1
DA:714,1
DA:715,1
DA:716,1
DA:717,1
DA:718,1
DA:719,1
DA:720,1
DA:721,1
DA:722,1
DA:723,1
DA:724,1
DA:725,1
DA:726,1
DA:727,1
DA:728,1
DA:729,1
DA:730,1
DA:731,1
DA:732,1
DA:733,1
DA:734,1
DA:735,1
DA:736,1
DA:737,1
DA:738,1
DA:739,1
DA:740,1
DA:741,1
DA:742,1
DA:743,1
DA:744,1
DA:745,1
DA:746,1
DA:747,1
DA:748,1
DA:749,1
DA:750,1
DA:751,1
DA:752,1
DA:753,1
DA:754,1
DA:755,1
DA:756,0
DA:757,0
DA:758,1
DA:759,1
DA:760,0
DA:761,0
DA:762,1
DA:763,1
DA:764,1
DA:765,1
DA:766,1
DA:767,1
DA:768,1
DA:769,1
DA:770,1
DA:771,1
DA:772,1
DA:773,1
DA:774,1
DA:775,1
DA:776,1
DA:777,1
DA:778,1
DA:779,1
DA:780,1
DA:781,1
DA:782,1
DA:783,1
DA:784,1
DA:785,0
DA:786,0
DA:787,1
DA:788,1
DA:789,1
DA:790,1
DA:791,1
DA:792,1
DA:793,1
DA:794,1
DA:795,1
DA:796,1
DA:797,1
DA:798,1
DA:799,1
DA:800,1
DA:801,1
DA:802,1
DA:803,1
DA:804,1
DA:805,1
DA:806,1
DA:807,1
DA:808,1
DA:809,1
DA:810,1
DA:811,1
DA:812,1
DA:813,1
DA:814,1
DA:815,1
DA:816,1
DA:817,1
DA:818,1
DA:819,1
DA:820,1
DA:821,1
DA:822,1
DA:823,1
DA:824,1
DA:825,1
DA:826,1
DA:827,1
DA:828,1
DA:829,1
DA:830,1
DA:831,1
DA:832,1
DA:833,1
DA:834,1
DA:835,1
DA:836,1
DA:837,1
DA:838,1
DA:839,1
DA:840,1
DA:841,1
DA:842,1
DA:843,1
DA:844,1
DA:845,1
DA:846,1
DA:847,1
DA:848,1
DA:849,1
DA:850,1
DA:851,1
DA:852,1
DA:853,1
DA:854,1
DA:855,1
DA:856,1
DA:857,1
DA:858,1
DA:859,1
DA:860,1
DA:861,1
DA:862,1
DA:863,1
DA:864,1
DA:865,1
DA:866,1
DA:867,1
DA:868,1
DA:869,1
DA:870,1
DA:871,1
DA:872,1
DA:873,1
DA:874,1
DA:875,1
DA:876,1
DA:877,1
DA:878,1
DA:879,1
DA:880,1
DA:881,1
DA:882,1
DA:883,1
DA:884,1
DA:885,1
DA:886,1
DA:887,1
DA:888,1
DA:889,1
DA:890,1
DA:891,1
DA:892,1
DA:893,1
DA:894,1
DA:895,1
DA:896,1
DA:897,1
DA:898,1
DA:899,1
DA:900,1
DA:901,1
DA:902,1
DA:903,1
DA:904,1
DA:905,1
DA:906,1
DA:907,1
DA:908,1
DA:909,1
DA:910,1
DA:911,1
DA:912,1
DA:913,1
DA:914,1
DA:915,1
DA:916,1
DA:917,1
DA:918,1
DA:919,1
DA:920,1
DA:921,1
DA:922,1
DA:923,1
DA:924,1
DA:925,1
DA:926,1
DA:927,1
DA:928,1
DA:929,1
DA:930,1
DA:931,1
DA:932,1
DA:933,1
DA:934,1
DA:935,1
DA:936,1
DA:937,1
DA:938,1
DA:939,1
DA:940,1
DA:941,1
DA:942,1
DA:943,1
DA:944,1
DA:945,1
DA:946,1
DA:947,1
DA:948,1
DA:949,1
DA:950,1
DA:951,1
DA:952,1
DA:953,1
DA:954,1
DA:955,1
DA:956,1
DA:957,1
DA:958,1
DA:959,1
DA:960,1
DA:961,1
DA:962,1
DA:963,1
DA:964,1
DA:965,1
DA:966,1
DA:967,1
DA:968,1
DA:969,1
DA:970,1
DA:971,1
DA:972,1
DA:973,1
DA:974,1
DA:975,1
DA:976,1
DA:977,1
DA:978,1
DA:979,1
DA:980,1
DA:981,1
DA:982,1
DA:983,1
DA:984,1
DA:985,1
DA:986,1
DA:987,1
DA:988,1
DA:989,1
DA:990,1
DA:991,1
DA:992,1
DA:993,1
DA:994,1
DA:995,1
DA:996,1
DA:997,1
DA:998,1
DA:999,1
DA:1000,1
DA:1001,1
DA:1002,1
DA:1003,1
DA:1004,1
DA:1005,1
DA:1006,1
DA:1007,1
DA:1008,1
DA:1009,1
DA:1010,1
DA:1011,1
DA:1012,1
DA:1013,1
DA:1014,1
DA:1015,1
DA:1016,1
DA:1017,1
DA:1018,1
DA:1019,1
DA:1020,1
DA:1021,1
DA:1022,1
DA:1023,1
DA:1024,1
DA:1025,1
DA:1026,1
DA:1027,1
DA:1028,1
DA:1029,1
DA:1030,1
DA:1031,1
DA:1032,1
DA:1033,1
DA:1034,1
DA:1035,0
DA:1036,1
DA:1037,1
DA:1038,1
DA:1039,1
DA:1040,1
DA:1041,1
DA:1042,1
DA:1043,1
DA:1044,1
DA:1045,1
DA:1046,1
DA:1047,1
DA:1048,1
DA:1049,1
DA:1050,1
DA:1051,1
DA:1052,1
DA:1053,1
DA:1054,1
DA:1055,1
DA:1056,1
DA:1057,1
DA:1058,1
DA:1059,1
DA:1060,1
DA:1061,1
DA:1062,1
DA:1063,1
DA:1064,1
DA:1065,1
DA:1066,1
DA:1067,1
DA:1068,1
DA:1069,1
DA:1070,1
DA:1071,1
DA:1072,1
DA:1073,1
DA:1074,1
DA:1075,1
DA:1076,1
DA:1077,1
DA:1078,1
DA:1079,1
DA:1080,1
LF:1080
LH:1073
BRDA:1,0,0,1
BRDA:36,1,0,1
BRDA:38,2,0,1
BRDA:40,3,0,1
BRDA:46,4,0,1
BRDA:51,5,0,0
BRDA:223,6,0,1
BRDA:223,7,0,1
BRDA:228,8,0,1
BRDA:229,9,0,1
BRDA:244,10,0,1
BRDA:247,11,0,1
BRDA:267,12,0,1
BRDA:272,13,0,1
BRDA:297,14,0,1
BRDA:299,15,0,1
BRDA:319,16,0,1
BRDA:322,17,0,0
BRDA:359,18,0,1
BRDA:396,19,0,1
BRDA:398,20,0,0
BRDA:403,21,0,1
BRDA:403,22,0,1
BRDA:467,23,0,1
BRDA:472,24,0,1
BRDA:472,25,0,1
BRDA:488,26,0,1
BRDA:513,27,0,1
BRDA:525,28,0,1
BRDA:558,29,0,1
BRDA:631,30,0,0
BRDA:564,31,0,1
BRDA:564,32,0,1
BRDA:636,33,0,1
BRDA:645,34,0,1
BRDA:673,35,0,1
BRDA:679,36,0,1
BRDA:682,37,0,1
BRDA:685,38,0,1
BRDA:689,39,0,1
BRDA:689,40,0,1
BRDA:697,41,0,1
BRDA:732,42,0,1
BRDA:743,43,0,1
BRDA:748,44,0,1
BRDA:755,45,0,0
BRDA:755,46,0,0
BRDA:769,47,0,1
BRDA:781,48,0,1
BRDA:783,49,0,1
BRDA:784,50,0,0
BRDA:788,51,0,1
BRDA:793,52,0,1
BRDA:798,53,0,1
BRDA:803,54,0,1
BRDA:812,55,0,1
BRDA:883,56,0,1
BRDA:886,57,0,1
BRDA:819,58,0,1
BRDA:826,59,0,1
BRDA:835,60,0,1
BRDA:838,61,0,1
BRDA:854,62,0,1
BRDA:855,63,0,1
BRDA:870,64,0,1
BRDA:871,65,0,1
BRDA:874,66,0,1
BRDA:894,67,0,1
BRDA:971,68,0,1
BRDA:1043,69,0,1
BRDA:1047,70,0,0
BRDA:980,71,0,1
BRDA:982,72,0,1
BRDA:992,73,0,1
BRDA:993,74,0,1
BRDA:1001,75,0,1
BRDA:1002,76,0,0
BRDA:1002,77,0,0
BRDA:1006,78,0,0
BRDA:1011,79,0,1
BRDA:1016,80,0,1
BRDA:1023,81,0,1
BRDA:1027,82,0,1
BRDA:1063,83,0,1
BRF:84
BRH:73
end_of_record
TN:
SF:libs/blocks/caas-config/caas-tags.js
FNF:0
FNH:0
DA:1,3
DA:2,3
DA:3,3
DA:4,3
DA:5,3
DA:6,3
DA:7,3
DA:8,3
DA:9,3
DA:10,3
DA:11,3
DA:12,3
DA:13,3
DA:14,3
DA:15,3
DA:16,3
DA:17,3
DA:18,3
DA:19,3
DA:20,3
DA:21,3
DA:22,3
DA:23,3
DA:24,3
DA:25,3
DA:26,3
DA:27,3
DA:28,3
DA:29,3
DA:30,3
DA:31,3
DA:32,3
DA:33,3
DA:34,3
DA:35,3
DA:36,3
DA:37,3
DA:38,3
DA:39,3
DA:40,3
DA:41,3
DA:42,3
DA:43,3
DA:44,3
DA:45,3
DA:46,3
DA:47,3
DA:48,3
DA:49,3
DA:50,3
DA:51,3
DA:52,3
DA:53,3
DA:54,3
DA:55,3
DA:56,3
DA:57,3
DA:58,3
DA:59,3
DA:60,3
DA:61,3
DA:62,3
DA:63,3
DA:64,3
DA:65,3
DA:66,3
DA:67,3
DA:68,3
DA:69,3
DA:70,3
DA:71,3
DA:72,3
DA:73,3
DA:74,3
DA:75,3
DA:76,3
DA:77,3
DA:78,3
DA:79,3
DA:80,3
DA:81,3
DA:82,3
DA:83,3
DA:84,3
DA:85,3
DA:86,3
DA:87,3
DA:88,3
DA:89,3
DA:90,3
DA:91,3
DA:92,3
DA:93,3
DA:94,3
DA:95,3
DA:96,3
DA:97,3
DA:98,3
DA:99,3
DA:100,3
DA:101,3
DA:102,3
DA:103,3
DA:104,3
DA:105,3
DA:106,3
DA:107,3
DA:108,3
DA:109,3
DA:110,3
DA:111,3
DA:112,3
DA:113,3
DA:114,3
DA:115,3
DA:116,3
DA:117,3
DA:118,3
DA:119,3
DA:120,3
DA:121,3
DA:122,3
DA:123,3
DA:124,3
DA:125,3
DA:126,3
DA:127,3
DA:128,3
DA:129,3
DA:130,3
DA:131,3
DA:132,3
DA:133,3
DA:134,3
DA:135,3
DA:136,3
DA:137,3
DA:138,3
DA:139,3
DA:140,3
DA:141,3
DA:142,3
DA:143,3
DA:144,3
DA:145,3
DA:146,3
DA:147,3
DA:148,3
DA:149,3
DA:150,3
DA:151,3
DA:152,3
DA:153,3
DA:154,3
DA:155,3
DA:156,3
DA:157,3
DA:158,3
DA:159,3
DA:160,3
DA:161,3
DA:162,3
DA:163,3
DA:164,3
DA:165,3
DA:166,3
DA:167,3
DA:168,3
DA:169,3
DA:170,3
DA:171,3
DA:172,3
DA:173,3
DA:174,3
DA:175,3
DA:176,3
DA:177,3
DA:178,3
DA:179,3
DA:180,3
DA:181,3
DA:182,3
DA:183,3
DA:184,3
DA:185,3
DA:186,3
DA:187,3
DA:188,3
DA:189,3
DA:190,3
DA:191,3
DA:192,3
DA:193,3
DA:194,3
DA:195,3
DA:196,3
DA:197,3
DA:198,3
DA:199,3
DA:200,3
DA:201,3
DA:202,3
DA:203,3
DA:204,3
DA:205,3
DA:206,3
DA:207,3
DA:208,3
DA:209,3
DA:210,3
DA:211,3
DA:212,3
DA:213,3
DA:214,3
DA:215,3
DA:216,3
DA:217,3
DA:218,3
DA:219,3
DA:220,3
DA:221,3
DA:222,3
DA:223,3
DA:224,3
DA:225,3
DA:226,3
DA:227,3
DA:228,3
DA:229,3
DA:230,3
DA:231,3
DA:232,3
DA:233,3
DA:234,3
DA:235,3
DA:236,3
DA:237,3
DA:238,3
DA:239,3
DA:240,3
DA:241,3
DA:242,3
DA:243,3
DA:244,3
DA:245,3
DA:246,3
DA:247,3
DA:248,3
DA:249,3
DA:250,3
DA:251,3
DA:252,3
DA:253,3
DA:254,3
DA:255,3
DA:256,3
DA:257,3
DA:258,3
DA:259,3
DA:260,3
DA:261,3
DA:262,3
DA:263,3
DA:264,3
DA:265,3
DA:266,3
DA:267,3
DA:268,3
DA:269,3
DA:270,3
DA:271,3
DA:272,3
DA:273,3
DA:274,3
DA:275,3
DA:276,3
DA:277,3
DA:278,3
DA:279,3
DA:280,3
DA:281,3
DA:282,3
DA:283,3
DA:284,3
DA:285,3
DA:286,3
DA:287,3
DA:288,3
DA:289,3
DA:290,3
DA:291,3
DA:292,3
DA:293,3
DA:294,3
DA:295,3
DA:296,3
DA:297,3
DA:298,3
DA:299,3
DA:300,3
DA:301,3
DA:302,3
DA:303,3
DA:304,3
DA:305,3
DA:306,3
DA:307,3
DA:308,3
DA:309,3
DA:310,3
DA:311,3
DA:312,3
DA:313,3
DA:314,3
DA:315,3
DA:316,3
DA:317,3
DA:318,3
DA:319,3
DA:320,3
DA:321,3
DA:322,3
DA:323,3
DA:324,3
DA:325,3
DA:326,3
DA:327,3
DA:328,3
DA:329,3
DA:330,3
DA:331,3
DA:332,3
DA:333,3
DA:334,3
DA:335,3
DA:336,3
DA:337,3
DA:338,3
DA:339,3
DA:340,3
DA:341,3
DA:342,3
DA:343,3
DA:344,3
DA:345,3
DA:346,3
DA:347,3
DA:348,3
DA:349,3
DA:350,3
DA:351,3
DA:352,3
DA:353,3
DA:354,3
DA:355,3
DA:356,3
DA:357,3
DA:358,3
DA:359,3
DA:360,3
DA:361,3
DA:362,3
DA:363,3
DA:364,3
DA:365,3
DA:366,3
DA:367,3
DA:368,3
DA:369,3
DA:370,3
DA:371,3
DA:372,3
DA:373,3
DA:374,3
DA:375,3
DA:376,3
DA:377,3
DA:378,3
DA:379,3
DA:380,3
DA:381,3
DA:382,3
DA:383,3
DA:384,3
DA:385,3
DA:386,3
DA:387,3
DA:388,3
DA:389,3
DA:390,3
DA:391,3
DA:392,3
DA:393,3
DA:394,3
DA:395,3
DA:396,3
DA:397,3
DA:398,3
DA:399,3
DA:400,3
DA:401,3
DA:402,3
DA:403,3
DA:404,3
DA:405,3
DA:406,3
DA:407,3
DA:408,3
DA:409,3
DA:410,3
DA:411,3
DA:412,3
DA:413,3
DA:414,3
DA:415,3
DA:416,3
DA:417,3
DA:418,3
DA:419,3
DA:420,3
DA:421,3
DA:422,3
DA:423,3
DA:424,3
DA:425,3
DA:426,3
DA:427,3
DA:428,3
DA:429,3
DA:430,3
DA:431,3
DA:432,3
DA:433,3
DA:434,3
DA:435,3
DA:436,3
DA:437,3
DA:438,3
DA:439,3
DA:440,3
DA:441,3
DA:442,3
DA:443,3
DA:444,3
DA:445,3
DA:446,3
DA:447,3
DA:448,3
DA:449,3
DA:450,3
DA:451,3
DA:452,3
DA:453,3
DA:454,3
DA:455,3
DA:456,3
DA:457,3
DA:458,3
DA:459,3
DA:460,3
DA:461,3
DA:462,3
DA:463,3
DA:464,3
DA:465,3
DA:466,3
DA:467,3
DA:468,3
DA:469,3
DA:470,3
DA:471,3
DA:472,3
DA:473,3
DA:474,3
DA:475,3
DA:476,3
DA:477,3
DA:478,3
DA:479,3
DA:480,3
DA:481,3
DA:482,3
DA:483,3
DA:484,3
DA:485,3
DA:486,3
DA:487,3
DA:488,3
DA:489,3
DA:490,3
DA:491,3
DA:492,3
DA:493,3
DA:494,3
DA:495,3
DA:496,3
DA:497,3
DA:498,3
DA:499,3
DA:500,3
DA:501,3
DA:502,3
DA:503,3
DA:504,3
DA:505,3
DA:506,3
DA:507,3
DA:508,3
DA:509,3
DA:510,3
DA:511,3
DA:512,3
DA:513,3
DA:514,3
DA:515,3
DA:516,3
DA:517,3
DA:518,3
DA:519,3
DA:520,3
DA:521,3
DA:522,3
DA:523,3
DA:524,3
DA:525,3
DA:526,3
DA:527,3
DA:528,3
DA:529,3
DA:530,3
DA:531,3
DA:532,3
DA:533,3
DA:534,3
DA:535,3
DA:536,3
DA:537,3
DA:538,3
DA:539,3
DA:540,3
DA:541,3
DA:542,3
DA:543,3
DA:544,3
DA:545,3
DA:546,3
DA:547,3
DA:548,3
DA:549,3
DA:550,3
DA:551,3
DA:552,3
DA:553,3
DA:554,3
DA:555,3
DA:556,3
DA:557,3
DA:558,3
DA:559,3
DA:560,3
DA:561,3
DA:562,3
DA:563,3
DA:564,3
DA:565,3
DA:566,3
DA:567,3
DA:568,3
DA:569,3
DA:570,3
DA:571,3
DA:572,3
DA:573,3
DA:574,3
DA:575,3
DA:576,3
DA:577,3
DA:578,3
DA:579,3
DA:580,3
DA:581,3
DA:582,3
DA:583,3
DA:584,3
DA:585,3
DA:586,3
DA:587,3
DA:588,3
DA:589,3
DA:590,3
DA:591,3
DA:592,3
DA:593,3
DA:594,3
DA:595,3
DA:596,3
DA:597,3
DA:598,3
DA:599,3
DA:600,3
DA:601,3
DA:602,3
DA:603,3
DA:604,3
DA:605,3
DA:606,3
DA:607,3
DA:608,3
DA:609,3
DA:610,3
DA:611,3
DA:612,3
DA:613,3
DA:614,3
DA:615,3
DA:616,3
DA:617,3
DA:618,3
DA:619,3
DA:620,3
DA:621,3
DA:622,3
DA:623,3
DA:624,3
DA:625,3
DA:626,3
DA:627,3
DA:628,3
DA:629,3
DA:630,3
DA:631,3
DA:632,3
DA:633,3
DA:634,3
DA:635,3
DA:636,3
DA:637,3
DA:638,3
DA:639,3
DA:640,3
DA:641,3
DA:642,3
DA:643,3
DA:644,3
DA:645,3
DA:646,3
DA:647,3
DA:648,3
DA:649,3
DA:650,3
DA:651,3
DA:652,3
DA:653,3
DA:654,3
DA:655,3
DA:656,3
DA:657,3
DA:658,3
DA:659,3
DA:660,3
DA:661,3
DA:662,3
DA:663,3
DA:664,3
DA:665,3
DA:666,3
DA:667,3
DA:668,3
DA:669,3
DA:670,3
DA:671,3
DA:672,3
DA:673,3
DA:674,3
DA:675,3
DA:676,3
DA:677,3
DA:678,3
DA:679,3
DA:680,3
DA:681,3
DA:682,3
DA:683,3
DA:684,3
DA:685,3
DA:686,3
DA:687,3
DA:688,3
DA:689,3
DA:690,3
DA:691,3
DA:692,3
DA:693,3
DA:694,3
DA:695,3
DA:696,3
DA:697,3
DA:698,3
DA:699,3
DA:700,3
DA:701,3
DA:702,3
DA:703,3
DA:704,3
DA:705,3
DA:706,3
DA:707,3
DA:708,3
DA:709,3
DA:710,3
DA:711,3
DA:712,3
DA:713,3
DA:714,3
DA:715,3
DA:716,3
DA:717,3
DA:718,3
DA:719,3
DA:720,3
DA:721,3
DA:722,3
DA:723,3
DA:724,3
DA:725,3
DA:726,3
DA:727,3
DA:728,3
DA:729,3
DA:730,3
DA:731,3
DA:732,3
DA:733,3
DA:734,3
DA:735,3
DA:736,3
DA:737,3
DA:738,3
DA:739,3
DA:740,3
DA:741,3
DA:742,3
DA:743,3
DA:744,3
DA:745,3
DA:746,3
DA:747,3
DA:748,3
DA:749,3
DA:750,3
DA:751,3
DA:752,3
DA:753,3
DA:754,3
DA:755,3
DA:756,3
DA:757,3
DA:758,3
DA:759,3
DA:760,3
DA:761,3
DA:762,3
DA:763,3
DA:764,3
DA:765,3
DA:766,3
DA:767,3
DA:768,3
DA:769,3
DA:770,3
DA:771,3
DA:772,3
DA:773,3
DA:774,3
DA:775,3
DA:776,3
DA:777,3
DA:778,3
DA:779,3
DA:780,3
DA:781,3
DA:782,3
DA:783,3
DA:784,3
DA:785,3
DA:786,3
DA:787,3
DA:788,3
DA:789,3
DA:790,3
DA:791,3
DA:792,3
DA:793,3
DA:794,3
DA:795,3
DA:796,3
DA:797,3
DA:798,3
DA:799,3
DA:800,3
DA:801,3
DA:802,3
DA:803,3
DA:804,3
DA:805,3
DA:806,3
DA:807,3
DA:808,3
DA:809,3
DA:810,3
DA:811,3
DA:812,3
DA:813,3
DA:814,3
DA:815,3
DA:816,3
DA:817,3
DA:818,3
DA:819,3
DA:820,3
DA:821,3
DA:822,3
DA:823,3
DA:824,3
DA:825,3
DA:826,3
DA:827,3
DA:828,3
DA:829,3
DA:830,3
DA:831,3
DA:832,3
DA:833,3
DA:834,3
DA:835,3
DA:836,3
DA:837,3
DA:838,3
DA:839,3
DA:840,3
DA:841,3
DA:842,3
DA:843,3
DA:844,3
DA:845,3
DA:846,3
DA:847,3
DA:848,3
DA:849,3
DA:850,3
DA:851,3
DA:852,3
DA:853,3
DA:854,3
DA:855,3
DA:856,3
DA:857,3
DA:858,3
DA:859,3
DA:860,3
DA:861,3
DA:862,3
DA:863,3
DA:864,3
DA:865,3
DA:866,3
DA:867,3
DA:868,3
DA:869,3
DA:870,3
DA:871,3
DA:872,3
DA:873,3
DA:874,3
DA:875,3
DA:876,3
DA:877,3
DA:878,3
DA:879,3
DA:880,3
DA:881,3
DA:882,3
DA:883,3
DA:884,3
DA:885,3
DA:886,3
DA:887,3
DA:888,3
DA:889,3
DA:890,3
DA:891,3
DA:892,3
DA:893,3
DA:894,3
DA:895,3
DA:896,3
DA:897,3
DA:898,3
DA:899,3
DA:900,3
DA:901,3
DA:902,3
DA:903,3
DA:904,3
DA:905,3
DA:906,3
DA:907,3
DA:908,3
DA:909,3
DA:910,3
DA:911,3
DA:912,3
DA:913,3
DA:914,3
DA:915,3
DA:916,3
DA:917,3
DA:918,3
DA:919,3
DA:920,3
DA:921,3
DA:922,3
DA:923,3
DA:924,3
DA:925,3
DA:926,3
DA:927,3
DA:928,3
DA:929,3
DA:930,3
DA:931,3
DA:932,3
DA:933,3
DA:934,3
DA:935,3
DA:936,3
DA:937,3
DA:938,3
DA:939,3
DA:940,3
DA:941,3
DA:942,3
DA:943,3
DA:944,3
DA:945,3
DA:946,3
DA:947,3
DA:948,3
DA:949,3
DA:950,3
DA:951,3
DA:952,3
DA:953,3
DA:954,3
DA:955,3
DA:956,3
DA:957,3
DA:958,3
DA:959,3
DA:960,3
DA:961,3
DA:962,3
DA:963,3
DA:964,3
DA:965,3
DA:966,3
DA:967,3
DA:968,3
DA:969,3
DA:970,3
DA:971,3
DA:972,3
DA:973,3
DA:974,3
DA:975,3
DA:976,3
DA:977,3
DA:978,3
DA:979,3
DA:980,3
DA:981,3
DA:982,3
DA:983,3
DA:984,3
DA:985,3
DA:986,3
DA:987,3
DA:988,3
DA:989,3
DA:990,3
DA:991,3
DA:992,3
DA:993,3
DA:994,3
DA:995,3
DA:996,3
DA:997,3
DA:998,3
DA:999,3
DA:1000,3
DA:1001,3
DA:1002,3
DA:1003,3
DA:1004,3
DA:1005,3
DA:1006,3
DA:1007,3
DA:1008,3
DA:1009,3
DA:1010,3
DA:1011,3
DA:1012,3
DA:1013,3
DA:1014,3
DA:1015,3
DA:1016,3
DA:1017,3
DA:1018,3
DA:1019,3
DA:1020,3
DA:1021,3
DA:1022,3
DA:1023,3
DA:1024,3
DA:1025,3
DA:1026,3
DA:1027,3
DA:1028,3
DA:1029,3
DA:1030,3
DA:1031,3
DA:1032,3
DA:1033,3
DA:1034,3
DA:1035,3
DA:1036,3
DA:1037,3
DA:1038,3
DA:1039,3
DA:1040,3
DA:1041,3
DA:1042,3
DA:1043,3
DA:1044,3
DA:1045,3
DA:1046,3
DA:1047,3
DA:1048,3
DA:1049,3
DA:1050,3
DA:1051,3
DA:1052,3
DA:1053,3
DA:1054,3
DA:1055,3
DA:1056,3
DA:1057,3
DA:1058,3
DA:1059,3
DA:1060,3
DA:1061,3
DA:1062,3
DA:1063,3
DA:1064,3
DA:1065,3
DA:1066,3
DA:1067,3
DA:1068,3
DA:1069,3
DA:1070,3
DA:1071,3
DA:1072,3
DA:1073,3
DA:1074,3
DA:1075,3
DA:1076,3
DA:1077,3
DA:1078,3
DA:1079,3
DA:1080,3
DA:1081,3
DA:1082,3
DA:1083,3
DA:1084,3
DA:1085,3
DA:1086,3
DA:1087,3
DA:1088,3
DA:1089,3
DA:1090,3
DA:1091,3
DA:1092,3
DA:1093,3
DA:1094,3
DA:1095,3
DA:1096,3
DA:1097,3
DA:1098,3
DA:1099,3
DA:1100,3
DA:1101,3
DA:1102,3
DA:1103,3
DA:1104,3
DA:1105,3
DA:1106,3
DA:1107,3
DA:1108,3
DA:1109,3
DA:1110,3
DA:1111,3
DA:1112,3
DA:1113,3
DA:1114,3
DA:1115,3
DA:1116,3
DA:1117,3
DA:1118,3
DA:1119,3
DA:1120,3
DA:1121,3
DA:1122,3
DA:1123,3
DA:1124,3
DA:1125,3
DA:1126,3
DA:1127,3
DA:1128,3
DA:1129,3
DA:1130,3
DA:1131,3
DA:1132,3
DA:1133,3
DA:1134,3
DA:1135,3
DA:1136,3
DA:1137,3
DA:1138,3
DA:1139,3
DA:1140,3
DA:1141,3
DA:1142,3
DA:1143,3
DA:1144,3
DA:1145,3
DA:1146,3
DA:1147,3
DA:1148,3
DA:1149,3
DA:1150,3
DA:1151,3
DA:1152,3
DA:1153,3
DA:1154,3
DA:1155,3
DA:1156,3
DA:1157,3
DA:1158,3
DA:1159,3
DA:1160,3
DA:1161,3
DA:1162,3
DA:1163,3
DA:1164,3
DA:1165,3
DA:1166,3
DA:1167,3
DA:1168,3
DA:1169,3
DA:1170,3
DA:1171,3
DA:1172,3
DA:1173,3
DA:1174,3
DA:1175,3
DA:1176,3
DA:1177,3
DA:1178,3
DA:1179,3
DA:1180,3
DA:1181,3
DA:1182,3
DA:1183,3
DA:1184,3
DA:1185,3
DA:1186,3
DA:1187,3
DA:1188,3
DA:1189,3
DA:1190,3
DA:1191,3
DA:1192,3
DA:1193,3
DA:1194,3
DA:1195,3
DA:1196,3
DA:1197,3
DA:1198,3
DA:1199,3
DA:1200,3
DA:1201,3
DA:1202,3
DA:1203,3
DA:1204,3
DA:1205,3
DA:1206,3
DA:1207,3
DA:1208,3
DA:1209,3
DA:1210,3
DA:1211,3
DA:1212,3
DA:1213,3
DA:1214,3
DA:1215,3
DA:1216,3
DA:1217,3
DA:1218,3
DA:1219,3
DA:1220,3
DA:1221,3
DA:1222,3
DA:1223,3
DA:1224,3
DA:1225,3
DA:1226,3
DA:1227,3
DA:1228,3
DA:1229,3
DA:1230,3
DA:1231,3
DA:1232,3
DA:1233,3
DA:1234,3
DA:1235,3
DA:1236,3
DA:1237,3
DA:1238,3
DA:1239,3
DA:1240,3
DA:1241,3
DA:1242,3
DA:1243,3
DA:1244,3
DA:1245,3
DA:1246,3
DA:1247,3
DA:1248,3
DA:1249,3
DA:1250,3
DA:1251,3
DA:1252,3
DA:1253,3
DA:1254,3
DA:1255,3
DA:1256,3
DA:1257,3
DA:1258,3
DA:1259,3
DA:1260,3
DA:1261,3
DA:1262,3
DA:1263,3
DA:1264,3
DA:1265,3
DA:1266,3
DA:1267,3
DA:1268,3
DA:1269,3
DA:1270,3
DA:1271,3
DA:1272,3
DA:1273,3
DA:1274,3
DA:1275,3
DA:1276,3
DA:1277,3
DA:1278,3
DA:1279,3
DA:1280,3
DA:1281,3
DA:1282,3
DA:1283,3
DA:1284,3
DA:1285,3
DA:1286,3
DA:1287,3
DA:1288,3
DA:1289,3
DA:1290,3
DA:1291,3
DA:1292,3
DA:1293,3
DA:1294,3
DA:1295,3
DA:1296,3
DA:1297,3
DA:1298,3
DA:1299,3
DA:1300,3
DA:1301,3
DA:1302,3
DA:1303,3
DA:1304,3
DA:1305,3
DA:1306,3
DA:1307,3
DA:1308,3
DA:1309,3
DA:1310,3
DA:1311,3
DA:1312,3
DA:1313,3
DA:1314,3
DA:1315,3
DA:1316,3
DA:1317,3
DA:1318,3
DA:1319,3
DA:1320,3
DA:1321,3
DA:1322,3
DA:1323,3
DA:1324,3
DA:1325,3
DA:1326,3
DA:1327,3
DA:1328,3
DA:1329,3
DA:1330,3
DA:1331,3
DA:1332,3
DA:1333,3
DA:1334,3
DA:1335,3
DA:1336,3
DA:1337,3
DA:1338,3
DA:1339,3
DA:1340,3
DA:1341,3
DA:1342,3
DA:1343,3
DA:1344,3
DA:1345,3
DA:1346,3
DA:1347,3
DA:1348,3
DA:1349,3
DA:1350,3
DA:1351,3
DA:1352,3
DA:1353,3
DA:1354,3
DA:1355,3
DA:1356,3
DA:1357,3
DA:1358,3
DA:1359,3
DA:1360,3
DA:1361,3
DA:1362,3
DA:1363,3
DA:1364,3
DA:1365,3
DA:1366,3
DA:1367,3
DA:1368,3
DA:1369,3
DA:1370,3
DA:1371,3
DA:1372,3
DA:1373,3
DA:1374,3
DA:1375,3
DA:1376,3
DA:1377,3
DA:1378,3
DA:1379,3
DA:1380,3
DA:1381,3
DA:1382,3
DA:1383,3
DA:1384,3
DA:1385,3
DA:1386,3
DA:1387,3
DA:1388,3
DA:1389,3
DA:1390,3
DA:1391,3
DA:1392,3
DA:1393,3
DA:1394,3
DA:1395,3
DA:1396,3
DA:1397,3
DA:1398,3
DA:1399,3
DA:1400,3
DA:1401,3
DA:1402,3
DA:1403,3
DA:1404,3
DA:1405,3
DA:1406,3
DA:1407,3
DA:1408,3
DA:1409,3
DA:1410,3
DA:1411,3
DA:1412,3
DA:1413,3
DA:1414,3
DA:1415,3
DA:1416,3
DA:1417,3
DA:1418,3
DA:1419,3
DA:1420,3
DA:1421,3
DA:1422,3
DA:1423,3
DA:1424,3
DA:1425,3
DA:1426,3
DA:1427,3
DA:1428,3
DA:1429,3
DA:1430,3
DA:1431,3
DA:1432,3
DA:1433,3
DA:1434,3
DA:1435,3
DA:1436,3
DA:1437,3
DA:1438,3
DA:1439,3
DA:1440,3
DA:1441,3
DA:1442,3
DA:1443,3
DA:1444,3
DA:1445,3
DA:1446,3
DA:1447,3
DA:1448,3
DA:1449,3
DA:1450,3
DA:1451,3
DA:1452,3
DA:1453,3
DA:1454,3
DA:1455,3
DA:1456,3
DA:1457,3
DA:1458,3
DA:1459,3
DA:1460,3
DA:1461,3
DA:1462,3
DA:1463,3
DA:1464,3
DA:1465,3
DA:1466,3
DA:1467,3
DA:1468,3
DA:1469,3
DA:1470,3
DA:1471,3
DA:1472,3
DA:1473,3
DA:1474,3
DA:1475,3
DA:1476,3
DA:1477,3
DA:1478,3
DA:1479,3
DA:1480,3
DA:1481,3
DA:1482,3
DA:1483,3
DA:1484,3
DA:1485,3
DA:1486,3
DA:1487,3
DA:1488,3
DA:1489,3
DA:1490,3
DA:1491,3
DA:1492,3
DA:1493,3
DA:1494,3
DA:1495,3
DA:1496,3
DA:1497,3
DA:1498,3
DA:1499,3
DA:1500,3
DA:1501,3
DA:1502,3
DA:1503,3
DA:1504,3
DA:1505,3
DA:1506,3
DA:1507,3
DA:1508,3
DA:1509,3
DA:1510,3
DA:1511,3
DA:1512,3
DA:1513,3
DA:1514,3
DA:1515,3
DA:1516,3
DA:1517,3
DA:1518,3
DA:1519,3
DA:1520,3
DA:1521,3
DA:1522,3
DA:1523,3
DA:1524,3
DA:1525,3
DA:1526,3
DA:1527,3
DA:1528,3
DA:1529,3
DA:1530,3
DA:1531,3
DA:1532,3
DA:1533,3
DA:1534,3
DA:1535,3
DA:1536,3
DA:1537,3
DA:1538,3
DA:1539,3
DA:1540,3
DA:1541,3
DA:1542,3
DA:1543,3
DA:1544,3
DA:1545,3
DA:1546,3
DA:1547,3
DA:1548,3
DA:1549,3
DA:1550,3
DA:1551,3
DA:1552,3
DA:1553,3
DA:1554,3
DA:1555,3
DA:1556,3
DA:1557,3
DA:1558,3
DA:1559,3
DA:1560,3
DA:1561,3
DA:1562,3
DA:1563,3
DA:1564,3
DA:1565,3
DA:1566,3
DA:1567,3
DA:1568,3
DA:1569,3
DA:1570,3
DA:1571,3
DA:1572,3
DA:1573,3
DA:1574,3
DA:1575,3
DA:1576,3
DA:1577,3
DA:1578,3
DA:1579,3
DA:1580,3
DA:1581,3
DA:1582,3
DA:1583,3
DA:1584,3
DA:1585,3
DA:1586,3
DA:1587,3
DA:1588,3
DA:1589,3
[...]
DA:706,5
DA:707,5
DA:708,132
DA:709,13
DA:710,13
DA:711,13
DA:712,0
DA:713,13
DA:714,13
DA:715,0
DA:716,0
DA:717,13
DA:718,132
DA:719,14
DA:720,14
DA:721,14
DA:722,14
DA:723,14
DA:724,14
DA:725,14
DA:726,14
DA:727,132
DA:728,4
DA:729,4
DA:730,4
DA:731,4
DA:732,4
DA:733,4
DA:734,4
DA:735,4
DA:736,4
DA:737,4
DA:738,4
DA:739,132
DA:740,132
DA:741,13
DA:742,2
DA:743,2
DA:744,2
DA:745,2
DA:746,1
DA:747,1
DA:748,1
DA:749,1
DA:750,1
DA:751,2
DA:752,1
DA:753,1
DA:754,2
DA:755,2
DA:756,13
DA:757,132
DA:758,13
DA:759,13
DA:760,13
DA:761,13
DA:762,13
DA:763,13
DA:764,13
DA:765,5
DA:766,5
DA:767,5
DA:768,1
DA:769,1
DA:770,1
DA:771,1
DA:772,1
DA:773,1
DA:774,1
DA:775,1
DA:776,1
DA:777,1
DA:778,5
DA:779,5
DA:780,13
DA:781,13
DA:782,13
DA:783,13
DA:784,1
DA:785,1
DA:786,13
DA:787,13
DA:788,13
DA:789,13
DA:790,13
DA:791,13
DA:792,13
DA:793,13
DA:794,13
DA:795,13
DA:796,132
DA:797,14
DA:798,14
DA:799,14
DA:800,14
DA:801,132
DA:802,132
DA:803,4
DA:804,4
DA:805,4
DA:806,1
DA:807,1
DA:808,1
DA:809,4
DA:810,132
DA:811,132
DA:812,132
DA:813,13
DA:814,13
DA:815,13
DA:816,13
DA:817,13
DA:818,4
DA:819,4
DA:820,4
DA:821,13
DA:822,13
DA:823,13
DA:824,13
DA:825,13
DA:826,13
DA:827,13
DA:828,13
DA:829,13
DA:830,13
DA:831,13
DA:832,13
DA:833,13
DA:834,6
DA:835,6
DA:836,13
DA:837,13
DA:838,13
DA:839,13
DA:840,13
DA:841,13
DA:842,13
DA:843,13
DA:844,13
DA:845,5
DA:846,4
DA:847,4
DA:848,13
DA:849,13
DA:850,13
DA:851,13
DA:852,132
DA:853,132
DA:854,4
DA:855,4
DA:856,4
DA:857,4
DA:858,4
DA:859,4
DA:860,1
DA:861,1
DA:862,4
DA:863,4
DA:864,4
DA:865,2
DA:866,2
DA:867,4
DA:868,4
DA:869,4
DA:870,4
DA:871,4
DA:872,4
DA:873,4
DA:874,4
DA:875,4
DA:876,132
DA:877,132
DA:878,2
DA:879,2
DA:880,2
DA:881,2
DA:882,132
DA:883,132
DA:884,132
DA:885,6
DA:886,6
DA:887,2
DA:888,2
DA:889,6
DA:890,132
DA:891,132
DA:892,132
DA:893,6
DA:894,6
DA:895,6
DA:896,6
DA:897,6
DA:898,6
DA:899,6
DA:900,6
DA:901,6
DA:902,6
DA:903,2
DA:904,2
DA:905,6
DA:906,6
DA:907,6
DA:908,2
DA:909,2
DA:910,6
DA:911,132
DA:912,132
DA:913,132
DA:914,6
DA:915,6
DA:916,6
DA:917,6
DA:918,132
DA:919,132
DA:920,132
DA:921,2
DA:922,2
DA:923,2
DA:924,2
DA:925,2
DA:926,2
DA:927,2
DA:928,2
DA:929,2
DA:930,2
DA:931,2
DA:932,2
DA:933,2
DA:934,2
DA:935,2
DA:936,1
DA:937,1
DA:938,1
DA:939,0
DA:940,0
DA:941,0
DA:942,0
DA:943,0
DA:944,0
DA:945,1
DA:946,1
DA:947,1
DA:948,1
DA:949,1
DA:950,1
DA:951,1
DA:952,1
DA:953,1
DA:954,2
DA:955,132
DA:956,132
DA:957,5
DA:958,5
DA:959,5
DA:960,5
DA:961,5
DA:962,5
DA:963,5
DA:964,5
DA:965,1
DA:966,1
DA:967,1
DA:968,1
DA:969,1
DA:970,1
DA:971,1
DA:972,1
DA:973,1
DA:974,1
DA:975,0
DA:976,0
DA:977,0
DA:978,1
DA:979,1
DA:980,1
DA:981,1
DA:982,0
DA:983,1
DA:984,1
DA:985,1
DA:986,1
DA:987,1
DA:988,1
DA:989,1
DA:990,5
DA:991,132
DA:992,4
DA:993,4
DA:994,1
DA:995,4
DA:996,4
DA:997,4
DA:998,4
DA:999,4
DA:1000,1
DA:1001,1
DA:1002,1
DA:1003,4
DA:1004,4
DA:1005,1
DA:1006,1
DA:1007,1
DA:1008,1
DA:1009,4
DA:1010,4
DA:1011,4
DA:1012,4
DA:1013,1
DA:1014,1
DA:1015,1
DA:1016,4
DA:1017,132
DA:1018,132
DA:1019,2
DA:1020,2
DA:1021,2
DA:1022,2
DA:1023,2
DA:1024,2
DA:1025,0
DA:1026,0
DA:1027,2
DA:1028,2
DA:1029,2
DA:1030,2
DA:1031,2
DA:1032,2
DA:1033,2
DA:1034,2
DA:1035,132
DA:1036,132
DA:1037,13
DA:1038,13
DA:1039,13
DA:1040,13
DA:1041,9
DA:1042,9
DA:1043,4
DA:1044,13
DA:1045,13
DA:1046,13
DA:1047,1
DA:1048,1
DA:1049,1
DA:1050,4
DA:1051,13
DA:1052,1
DA:1053,1
DA:1054,1
DA:1055,1
DA:1056,1
DA:1057,4
DA:1058,4
DA:1059,4
DA:1060,4
DA:1061,4
DA:1062,4
DA:1063,13
DA:1064,132
DA:1065,4
DA:1066,4
DA:1067,0
DA:1068,0
DA:1069,4
DA:1070,4
DA:1071,4
DA:1072,0
DA:1073,4
DA:1074,4
DA:1075,0
DA:1076,4
DA:1077,4
DA:1078,4
DA:1079,132
DA:1080,5
DA:1081,5
DA:1082,5
DA:1083,5
DA:1084,1
DA:1085,1
DA:1086,1
DA:1087,1
DA:1088,1
DA:1089,1
DA:1090,1
DA:1091,1
DA:1092,1
DA:1093,5
DA:1094,5
DA:1095,5
DA:1096,5
DA:1097,1
DA:1098,1
DA:1099,1
DA:1100,1
DA:1101,1
DA:1102,5
DA:1103,5
DA:1104,132
DA:1105,5
DA:1106,5
DA:1107,5
DA:1108,5
DA:1109,5
DA:1110,5
DA:1111,5
DA:1112,5
DA:1113,132
DA:1114,4
DA:1115,4
DA:1116,4
DA:1117,4
DA:1118,4
DA:1119,1
DA:1120,1
DA:1121,4
DA:1122,1
DA:1123,1
DA:1124,1
DA:1125,1
DA:1126,4
DA:1127,4
DA:1128,1
DA:1129,1
DA:1130,1
DA:1131,4
DA:1132,4
DA:1133,4
DA:1134,4
DA:1135,0
DA:1136,0
DA:1137,4
DA:1138,4
DA:1139,4
DA:1140,4
DA:1141,4
DA:1142,4
DA:1143,4
DA:1144,4
DA:1145,4
DA:1146,4
DA:1147,4
DA:1148,132
DA:1149,13
DA:1150,13
DA:1151,13
DA:1152,1
DA:1153,1
DA:1154,1
DA:1155,1
DA:1156,1
DA:1157,1
DA:1158,1
DA:1159,1
DA:1160,13
DA:1161,13
DA:1162,1
DA:1163,1
DA:1164,1
DA:1165,13
DA:1166,13
DA:1167,13
DA:1168,13
DA:1169,13
DA:1170,13
DA:1171,13
DA:1172,13
DA:1173,13
DA:1174,13
DA:1175,13
DA:1176,13
DA:1177,4
DA:1178,3
DA:1179,12
DA:1180,12
DA:1181,12
DA:1182,12
DA:1183,13
DA:1184,132
DA:1185,132
DA:1186,14
DA:1187,14
DA:1188,14
DA:1189,5
DA:1190,5
DA:1191,5
DA:1192,14
DA:1193,14
DA:1194,14
DA:1195,14
DA:1196,14
DA:1197,5
DA:1198,5
DA:1199,14
DA:1200,14
DA:1201,14
DA:1202,14
DA:1203,14
DA:1204,13
DA:1205,12
DA:1206,12
DA:1207,12
DA:1208,7
DA:1209,12
DA:1210,12
DA:1211,13
DA:1212,13
DA:1213,13
DA:1214,1
DA:1215,1
DA:1216,13
DA:1217,13
DA:1218,13
DA:1219,13
DA:1220,14
DA:1221,132
DA:1222,132
DA:1223,0
DA:1224,0
DA:1225,132
DA:1226,132
DA:1227,132
DA:1228,132
DA:1229,132
DA:1230,5
DA:1231,5
DA:1232,5
DA:1233,1
DA:1234,1
DA:1235,1
DA:1236,5
DA:1237,132
DA:1238,132
DA:1239,6
DA:1240,6
DA:1241,6
DA:1242,6
DA:1243,6
DA:1244,6
DA:1245,6
DA:1246,6
DA:1247,6
DA:1248,6
DA:1249,6
DA:1250,132
DA:1251,132
DA:1252,13
DA:1253,13
DA:1254,13
DA:1255,1
DA:1256,13
DA:1257,13
DA:1258,13
DA:1259,13
DA:1260,4
DA:1261,4
DA:1262,4
DA:1263,4
DA:1264,13
DA:1265,13
DA:1266,13
DA:1267,13
DA:1268,13
DA:1269,13
DA:1270,13
DA:1271,13
DA:1272,132
DA:1273,132
LF:1273
LH:1234
BRDA:1,0,0,8
BRDA:143,1,0,0
BRDA:147,2,0,68
BRDA:151,3,0,3
BRDA:153,4,0,68
BRDA:156,5,0,68
BRDA:157,6,0,68
BRDA:158,7,0,68
BRDA:158,8,0,68
BRDA:165,9,0,68
BRDA:169,10,0,40
BRDA:172,11,0,40
BRDA:181,12,0,16
BRDA:182,13,0,34
BRDA:182,14,0,16
BRDA:186,15,0,76
BRDA:187,16,0,7
BRDA:192,17,0,8
BRDA:194,18,0,8
BRDA:206,19,0,68
BRDA:208,20,0,68
BRDA:213,21,0,8
BRDA:216,22,0,68
BRDA:220,23,0,34
BRDA:222,24,0,3
BRDA:223,25,0,4
BRDA:225,26,0,3
BRDA:233,27,0,6
BRDA:235,28,0,3
BRDA:247,29,0,53
BRDA:812,30,0,18
BRDA:813,31,0,18
BRDA:821,32,0,14
BRDA:822,33,0,5
BRDA:822,34,0,5
BRDA:822,35,0,14
BRDA:826,36,0,14
BRDA:827,37,0,14
BRDA:827,38,0,5
BRDA:829,39,0,5
BRDA:829,40,0,14
BRDA:841,41,0,5
BRDA:842,42,0,14
BRDA:166,43,0,34
BRDA:171,44,0,7
BRDA:172,45,0,4
BRDA:189,46,0,25
BRDA:220,47,0,39
BRDA:255,48,0,89
BRDA:259,49,0,53
BRDA:260,50,0,53
BRDA:262,51,0,53
BRDA:273,52,0,10
BRDA:269,53,0,88
BRDA:277,54,0,34
BRDA:282,55,0,35
BRDA:290,56,0,26
BRDA:292,57,0,9
BRDA:298,58,0,18
BRDA:304,59,0,7
BRDA:306,60,0,17
BRDA:307,61,0,12
BRDA:303,62,0,22
BRDA:312,63,0,50
BRDA:318,64,0,9
BRDA:319,65,0,4
BRDA:322,66,0,27
BRDA:323,67,0,27
BRDA:332,68,0,48
BRDA:336,69,0,11
BRDA:342,70,0,7
BRDA:348,71,0,23
BRDA:351,72,0,9
BRDA:352,73,0,9
BRDA:362,74,0,9
BRDA:363,75,0,9
BRDA:364,76,0,9
BRDA:365,77,0,9
BRDA:365,78,0,9
BRDA:376,79,0,9
BRDA:377,80,0,9
BRDA:377,81,0,9
BRDA:383,82,0,6
BRDA:388,83,0,23
BRDA:388,84,0,23
BRDA:394,85,0,7
BRDA:400,86,0,10
BRDA:405,87,0,23
BRDA:409,88,0,11
BRDA:444,89,0,21
BRDA:445,90,0,8
BRDA:453,91,0,8
BRDA:453,92,0,8
BRDA:456,93,0,10
BRDA:456,94,0,8
BRDA:460,95,0,21
BRDA:464,96,0,21
BRDA:465,97,0,21
BRDA:484,98,0,24
BRDA:495,99,0,16
BRDA:498,100,0,7
BRDA:501,101,0,8
BRDA:511,102,0,7
BRDA:517,103,0,28
BRDA:547,104,0,22
BRDA:553,105,0,7
BRDA:559,106,0,21
BRDA:562,107,0,22
BRDA:567,108,0,7
BRDA:567,109,0,7
BRDA:574,110,0,6
BRDA:575,111,0,6
BRDA:580,112,0,11
BRDA:591,113,0,6
BRDA:607,114,0,7
BRDA:607,115,0,6
BRDA:616,116,0,28
BRDA:620,117,0,28
BRDA:624,118,0,12
BRDA:624,119,0,12
BRDA:627,120,0,16
BRDA:631,121,0,13
BRDA:641,122,0,12
BRDA:652,123,0,15
BRDA:670,124,0,19
BRDA:674,125,0,19
BRDA:685,126,0,11
BRDA:687,127,0,10
BRDA:689,128,0,10
BRDA:695,129,0,6
BRDA:697,130,0,6
BRDA:698,131,0,6
BRDA:702,132,0,6
BRDA:703,133,0,6
BRDA:704,134,0,6
BRDA:706,135,0,6
BRDA:706,136,0,6
BRDA:709,137,0,19
BRDA:712,138,0,6
BRDA:715,139,0,6
BRDA:719,140,0,20
BRDA:720,141,0,16
BRDA:740,142,0,19
BRDA:742,143,0,8
BRDA:758,144,0,19
BRDA:783,145,0,7
BRDA:764,146,0,19
BRDA:766,147,0,19
BRDA:797,148,0,20
BRDA:798,149,0,15
BRDA:817,150,0,9
BRDA:821,151,0,5
BRDA:833,152,0,18
BRDA:853,153,0,10
BRDA:859,154,0,7
BRDA:859,155,0,7
BRDA:859,156,0,7
BRDA:864,157,0,8
BRDA:869,158,0,10
BRDA:884,159,0,12
BRDA:886,160,0,8
BRDA:892,161,0,12
BRDA:907,162,0,8
BRDA:900,163,0,12
BRDA:902,164,0,8
BRDA:913,165,0,12
BRDA:915,166,0,6
BRDA:957,167,0,11
BRDA:959,168,0,6
BRDA:965,169,0,7
BRDA:992,170,0,10
BRDA:993,171,0,7
BRDA:993,172,0,7
BRDA:1012,173,0,7
BRDA:1080,174,0,11
BRDA:1105,175,0,11
BRDA:1109,176,0,11
BRDA:1149,177,0,19
BRDA:1151,178,0,7
BRDA:1161,179,0,7
BRDA:1178,180,0,18
BRDA:1166,181,0,19
BRDA:1185,182,0,20
BRDA:1205,183,0,19
BRDA:1238,184,0,13
BRDA:1239,185,0,13
BRDA:1240,186,0,13
BRDA:1251,187,0,20
BRDA:1252,188,0,7
BRDA:1254,189,0,20
BRDA:1255,190,0,19
BRDA:1255,191,0,19
BRDA:1259,192,0,20
BRDA:257,193,0,64
BRDA:299,194,0,26
BRDA:300,195,0,25
BRDA:301,196,0,26
BRDA:304,197,0,22
BRDA:306,198,0,13
BRDA:326,199,0,29
BRDA:338,200,0,10
BRDA:340,201,0,10
BRDA:342,202,0,6
BRDA:344,203,0,6
BRDA:350,204,0,21
BRDA:359,205,0,6
BRDA:373,206,0,7
BRDA:365,207,0,9
BRDA:370,208,0,9
BRDA:371,209,0,9
BRDA:372,210,0,9
BRDA:411,211,0,21
BRDA:421,212,0,10
BRDA:427,213,0,7
BRDA:427,214,0,8
BRDA:496,215,0,14
BRDA:498,216,0,14
BRDA:501,217,0,14
BRDA:566,218,0,14
BRDA:567,219,0,14
BRDA:574,220,0,14
BRDA:607,221,0,13
BRDA:635,222,0,17
BRDA:677,223,0,12
BRDA:696,224,0,7
BRDA:697,225,0,7
BRDA:703,226,0,7
BRDA:703,227,0,7
BRDA:728,228,0,11
BRDA:802,229,0,11
BRDA:806,230,0,8
BRDA:999,231,0,7
BRDA:1004,232,0,7
BRDA:1012,233,0,8
BRDA:1036,234,0,20
BRDA:1040,235,0,16
BRDA:1046,236,0,8
BRDA:1051,237,0,8
BRDA:1058,238,0,11
BRDA:1065,239,0,11
BRDA:1071,240,0,7
BRDA:1114,241,0,11
BRDA:1118,242,0,8
BRDA:1121,243,0,8
BRDA:1127,244,0,8
BRDA:1134,245,0,7
BRDA:1134,246,0,7
BRDA:1142,247,0,11
BRDA:1143,248,0,11
BRDA:1213,249,0,7
BRDA:317,250,0,11
BRDA:260,251,0,42
BRDA:262,252,0,11
BRDA:321,253,0,27
BRDA:519,254,0,27
BRDA:520,255,0,28
BRDA:524,256,0,27
BRDA:528,257,0,27
BRDA:536,258,0,28
BRDA:1203,259,0,19
BRDA:877,260,0,10
BRDA:920,261,0,10
BRDA:926,262,0,10
BRDA:927,263,0,10
BRDA:936,264,0,9
BRDA:939,265,0,8
BRDA:947,266,0,9
BRDA:176,267,0,4
BRDA:246,268,0,12
BRDA:251,269,0,9
BRDA:352,270,0,7
BRDA:427,271,0,9
BRDA:428,272,0,10
BRDA:431,273,0,10
BRDA:432,274,0,10
BRDA:554,275,0,6
BRDA:554,276,0,6
BRDA:751,277,0,7
BRDA:935,278,0,9
BRDA:935,279,0,9
BRDA:974,280,0,6
BRDA:984,281,0,7
BRDA:1018,282,0,10
BRDA:1024,283,0,8
BRDA:1027,284,0,9
BRDA:1048,285,0,8
BRDA:1083,286,0,11
BRDA:1084,287,0,10
BRDA:1088,288,0,10
BRDA:1096,289,0,11
BRDA:1119,290,0,8
BRDA:1122,291,0,8
BRDA:1207,292,0,18
BRDA:1226,293,0,10
BRDA:1227,294,0,13
BRDA:1229,295,0,13
BRDA:221,296,0,64
BRDA:238,297,0,63
BRDA:279,298,0,25
BRDA:290,299,0,27
BRDA:296,300,0,13
BRDA:299,301,0,25
BRDA:301,302,0,23
BRDA:303,303,0,22
BRDA:326,304,0,17
BRDA:469,305,0,10
BRDA:560,306,0,19
BRDA:798,307,0,11
BRDA:1043,308,0,11
BRDA:1046,309,0,11
BRDA:1051,310,0,11
BRDA:1176,311,0,10
BRDA:1176,312,0,10
BRDA:1188,313,0,11
BRDA:1196,314,0,11
BRDA:1217,315,0,10
BRDA:218,316,0,63
BRDA:279,317,0,30
BRDA:299,318,0,13
BRDA:264,319,0,50
BRDA:292,320,0,34
BRDA:298,321,0,34
BRDA:1232,322,0,9
BRDA:302,323,0,22
BRDA:580,324,0,10
BRDA:597,325,0,10
BRDA:597,326,0,10
BRDA:745,327,0,7
BRDA:767,328,0,19
BRDA:784,329,0,7
BRDA:1153,330,0,7
BRDA:1162,331,0,7
BRDA:376,332,0,8
BRDA:381,333,0,8
BRDA:508,334,0,10
BRDA:823,335,0,18
BRDA:390,336,0,22
BRDA:584,337,0,9
BRDA:198,338,0,12
BRDA:844,339,0,18
BRDA:223,340,0,67
BRDA:181,341,0,34
BRDA:232,342,0,67
BRDA:657,343,0,12
BRDA:657,344,0,12
BRDA:845,345,0,17
BRDA:504,346,0,13
BRDA:453,347,0,20
BRDA:456,348,0,9
BRDA:298,349,0,28
BRDA:1019,350,0,9
BRDA:1028,351,0,9
BRDA:1028,352,0,9
BRDA:624,353,0,27
BRDA:633,354,0,27
BRDA:1044,355,0,10
BRDA:1053,356,0,8
BRDA:268,357,0,88
BRF:358
BRH:357
end_of_record
TN:
SF:tools/send-to-caas/send-utils.js
FN:12,isValidUrl
FN:13,isValidModal
FN:17,isInjectedDoc
FN:29,getKeyValPairs
FN:44,addHost
FN:50,getMetaContent
FN:56,prefixHttps
FN:63,flattenLink
FN:69,checkUrl
FN:79,findTag
FN:136,getTag
FN:149,getTags
FN:170,getDateProp
FN:181,processRepoForFloodgate
FN:188,getOrigin
FN:209,getUrlWithoutFile
FN:211,getImagePathMd
FN:244,getCardImageUrl
FN:256,getCardImageAltText
FN:266,getBadges
FN:277,isPagePublished
FN:298,getBulkPublishLangAttr
FN:310,getCountryAndLang
FN:323,parseCardMetadata
FN:344,checkCtaUrl
FN:355,arbitrary
FN:356,badgeimage
FN:359,bookmarkenabled
FN:371,cardimage
FN:372,cardimagealttext
FN:373,contentid
FN:374,contenttype
FN:375,country
FN:380,created
FN:395,cta1icon
FN:399,cta1url
FN:400,cta2icon
FN:404,cta2url
FN:405,description
FN:407,entityid
FN:412,env
FN:414,eventend
FN:415,eventstart
FN:416,floodgatecolor
FN:417,lang
FN:422,modified
FN:428,origin
FN:434,playurl
FN:435,primarytag
FN:439,style
FN:440,tags
FN:441,title
FN:442,uci
FN:443,url
FN:450,getCaasProps
FN:522,getCaaSMetadata
FN:547,getCardMetadata
FN:552,postDataToCaaS
FNF:58
FNH:5
FNDA:1,isValidUrl
FNDA:1,isValidModal
FNDA:0,isInjectedDoc
FNDA:0,getKeyValPairs
FNDA:0,addHost
FNDA:0,getMetaContent
FNDA:1,prefixHttps
FNDA:0,flattenLink
FNDA:1,checkUrl
FNDA:0,findTag
FNDA:0,getTag
FNDA:0,getTags
FNDA:0,getDateProp
FNDA:0,processRepoForFloodgate
FNDA:1,getOrigin
FNDA:0,getUrlWithoutFile
FNDA:0,getImagePathMd
FNDA:0,getCardImageUrl
FNDA:0,getCardImageAltText
FNDA:0,getBadges
FNDA:0,isPagePublished
FNDA:0,getBulkPublishLangAttr
FNDA:0,getCountryAndLang
FNDA:0,parseCardMetadata
FNDA:0,checkCtaUrl
FNDA:0,arbitrary
FNDA:0,badgeimage
FNDA:0,bookmarkenabled
FNDA:0,cardimage
FNDA:0,cardimagealttext
FNDA:0,contentid
FNDA:0,contenttype
FNDA:0,country
FNDA:0,created
FNDA:0,cta1icon
FNDA:0,cta1url
FNDA:0,cta2icon
FNDA:0,cta2url
FNDA:0,description
FNDA:0,entityid
FNDA:0,env
FNDA:0,eventend
FNDA:0,eventstart
FNDA:0,floodgatecolor
FNDA:0,lang
FNDA:0,modified
FNDA:0,origin
FNDA:0,playurl
FNDA:0,primarytag
FNDA:0,style
FNDA:0,tags
FNDA:0,title
FNDA:0,uci
FNDA:0,url
FNDA:0,getCaasProps
FNDA:0,getCaaSMetadata
FNDA:0,getCardMetadata
FNDA:0,postDataToCaaS
DA:1,2
DA:2,2
DA:3,2
DA:4,2
DA:5,2
DA:6,2
DA:7,2
DA:8,2
DA:9,2
DA:10,2
DA:11,2
DA:12,2
DA:13,2
DA:14,2
DA:15,2
DA:16,2
DA:17,2
DA:18,2
DA:19,2
DA:20,2
DA:21,2
DA:22,1
DA:23,1
DA:24,2
DA:25,2
DA:26,2
DA:27,2
DA:28,2
DA:29,2
DA:30,0
DA:31,0
DA:32,0
DA:33,0
DA:34,0
DA:35,0
DA:36,0
DA:37,0
DA:38,0
DA:39,0
DA:40,0
DA:41,0
DA:42,2
DA:43,2
DA:44,2
DA:45,0
DA:46,0
DA:47,0
DA:48,2
DA:49,2
DA:50,2
DA:51,0
DA:52,0
DA:53,0
DA:54,2
DA:55,2
DA:56,2
DA:57,1
DA:58,0
DA:59,0
DA:60,1
DA:61,2
DA:62,2
DA:63,2
DA:64,0
DA:65,0
DA:66,0
DA:67,2
DA:68,2
DA:69,2
DA:70,1
DA:71,1
DA:72,1
DA:73,0
DA:74,0
DA:75,1
DA:76,2
DA:77,2
DA:78,2
DA:79,2
DA:80,0
DA:81,0
DA:82,0
DA:83,0
DA:84,0
DA:85,0
DA:86,0
DA:87,0
DA:88,0
DA:89,0
DA:90,0
DA:91,0
DA:92,0
DA:93,0
DA:94,0
DA:95,0
DA:96,0
DA:97,0
DA:98,0
DA:99,0
DA:100,0
DA:101,0
DA:102,0
DA:103,0
DA:104,0
DA:105,0
DA:106,0
DA:107,0
DA:108,0
DA:109,0
DA:110,0
DA:111,0
DA:112,0
DA:113,0
DA:114,2
DA:115,2
DA:116,2
DA:117,2
DA:118,2
DA:119,2
DA:120,2
DA:121,0
DA:122,0
DA:123,0
DA:124,0
DA:125,0
DA:126,0
DA:127,0
DA:128,0
DA:129,0
DA:130,0
DA:131,0
DA:132,0
DA:133,2
DA:134,2
DA:135,2
DA:136,2
DA:137,0
DA:138,0
DA:139,0
DA:140,0
DA:141,0
DA:142,0
DA:143,0
DA:144,0
DA:145,0
DA:146,0
DA:147,2
DA:148,2
DA:149,2
DA:150,0
DA:151,0
DA:152,0
DA:153,0
DA:154,0
DA:155,0
DA:156,0
DA:157,0
DA:158,0
DA:159,0
DA:160,0
DA:161,0
DA:162,0
DA:163,0
DA:164,0
DA:165,0
DA:166,0
DA:167,0
DA:168,2
DA:169,2
DA:170,2
DA:171,0
DA:172,0
DA:173,0
DA:174,0
DA:175,0
DA:176,0
DA:177,0
DA:178,0
DA:179,2
DA:180,2
DA:181,2
DA:182,0
DA:183,0
DA:184,0
DA:185,0
DA:186,2
DA:187,2
DA:188,2
DA:189,1
DA:190,1
DA:191,1
DA:192,1
DA:193,1
DA:194,1
DA:195,1
DA:196,1
DA:197,1
DA:198,1
DA:199,1
DA:200,1
DA:201,1
DA:202,1
DA:203,1
DA:204,1
DA:205,1
DA:206,1
DA:207,2
DA:208,2
DA:209,2
DA:210,2
DA:211,2
DA:212,0
DA:213,0
DA:214,0
DA:215,0
DA:216,0
DA:217,0
DA:218,0
DA:219,0
DA:220,0
DA:221,0
DA:222,0
DA:223,0
DA:224,0
DA:225,0
DA:226,0
DA:227,0
DA:228,0
DA:229,0
DA:230,0
DA:231,0
DA:232,0
DA:233,0
DA:234,0
DA:235,0
DA:236,0
DA:237,0
DA:238,0
DA:239,0
DA:240,0
DA:241,0
DA:242,2
DA:243,2
DA:244,2
DA:245,0
DA:246,0
DA:247,0
DA:248,0
DA:249,0
DA:250,0
DA:251,0
DA:252,0
DA:253,0
DA:254,2
DA:255,2
DA:256,2
DA:257,0
DA:258,0
DA:259,0
DA:260,0
DA:261,0
DA:262,0
DA:263,0
DA:264,2
DA:265,2
DA:266,2
DA:267,0
DA:268,0
DA:269,0
DA:270,0
DA:271,0
DA:272,0
DA:273,0
DA:274,0
DA:275,2
DA:276,2
DA:277,2
DA:278,0
DA:279,0
DA:280,0
DA:281,0
DA:282,0
DA:283,0
DA:284,0
DA:285,0
DA:286,0
DA:287,0
DA:288,0
DA:289,0
DA:290,0
DA:291,0
DA:292,0
DA:293,0
DA:294,0
DA:295,0
DA:296,2
DA:297,2
DA:298,2
DA:299,0
DA:300,0
DA:301,0
DA:302,0
DA:303,0
DA:304,0
DA:305,0
DA:306,0
DA:307,0
DA:308,2
DA:309,2
DA:310,2
DA:311,0
DA:312,0
DA:313,0
DA:314,0
DA:315,0
DA:316,0
DA:317,0
DA:318,0
DA:319,0
DA:320,0
DA:321,2
DA:322,2
DA:323,2
DA:324,0
DA:325,0
DA:326,0
DA:327,0
DA:328,0
DA:329,0
DA:330,0
DA:331,0
DA:332,0
DA:333,0
DA:334,0
DA:335,0
DA:336,0
DA:337,0
DA:338,0
DA:339,0
DA:340,0
DA:341,0
DA:342,2
DA:343,2
DA:344,0
DA:345,0
DA:346,0
DA:347,0
DA:348,0
DA:349,2
DA:350,2
DA:351,2
DA:352,2
DA:353,2
DA:354,2
DA:355,2
DA:356,2
DA:357,2
DA:358,2
DA:359,2
DA:360,0
DA:361,0
DA:362,0
DA:363,0
DA:364,0
DA:365,0
DA:366,0
DA:367,2
DA:368,2
DA:369,2
DA:370,2
DA:371,2
DA:372,2
DA:373,2
DA:374,2
DA:375,2
DA:376,0
DA:377,0
DA:378,0
DA:379,2
DA:380,2
DA:381,0
DA:382,0
DA:383,0
DA:384,0
DA:385,0
DA:386,0
DA:387,0
DA:388,0
DA:389,0
DA:390,0
DA:391,0
DA:392,0
DA:393,0
DA:394,2
DA:395,2
DA:396,2
DA:397,2
DA:398,2
DA:399,2
DA:400,2
DA:401,2
DA:402,2
DA:403,2
DA:404,2
DA:405,2
DA:406,2
DA:407,2
DA:408,0
DA:409,0
DA:410,0
DA:411,2
DA:412,2
DA:413,2
DA:414,2
DA:415,2
DA:416,2
DA:417,2
DA:418,0
DA:419,0
DA:420,0
DA:421,2
DA:422,2
DA:423,0
DA:424,0
DA:425,0
DA:426,0
DA:427,2
DA:428,2
DA:429,0
DA:430,0
DA:431,0
DA:432,2
DA:433,2
DA:434,2
DA:435,2
DA:436,0
DA:437,0
DA:438,2
DA:439,2
DA:440,2
DA:441,2
DA:442,2
DA:443,2
DA:444,0
DA:445,0
DA:446,2
DA:447,2
DA:448,2
DA:449,2
DA:450,2
DA:451,0
DA:452,0
DA:453,0
DA:454,0
DA:455,0
DA:456,0
DA:457,0
DA:458,0
DA:459,0
DA:460,0
DA:461,0
DA:462,0
DA:463,0
DA:464,0
DA:465,0
DA:466,0
DA:467,0
DA:468,0
DA:469,0
DA:470,0
DA:471,0
DA:472,0
DA:473,0
DA:474,0
DA:475,0
DA:476,0
DA:477,0
DA:478,0
DA:479,0
DA:480,0
DA:481,0
DA:482,0
DA:483,0
DA:484,0
DA:485,0
DA:486,0
DA:487,0
DA:488,0
DA:489,0
DA:490,0
DA:491,0
DA:492,0
DA:493,0
DA:494,0
DA:495,0
DA:496,0
DA:497,0
DA:498,0
DA:499,0
DA:500,0
DA:501,0
DA:502,0
DA:503,0
DA:504,0
DA:505,0
DA:506,0
DA:507,0
DA:508,0
DA:509,0
DA:510,0
DA:511,0
DA:512,0
DA:513,0
DA:514,0
DA:515,0
DA:516,0
DA:517,0
DA:518,0
DA:519,0
DA:520,2
DA:521,2
DA:522,2
DA:523,0
DA:524,0
DA:525,0
DA:526,0
DA:527,0
DA:528,0
DA:529,0
DA:530,0
DA:531,0
DA:532,0
DA:533,0
DA:534,0
DA:535,0
DA:536,0
DA:537,0
DA:538,0
DA:539,0
DA:540,0
DA:541,0
DA:542,0
DA:543,0
DA:544,0
DA:545,2
DA:546,2
DA:547,2
DA:548,0
DA:549,0
DA:550,2
DA:551,2
DA:552,2
DA:553,0
DA:554,0
DA:555,0
DA:556,0
DA:557,0
DA:558,0
DA:559,0
DA:560,0
DA:561,0
DA:562,0
DA:563,0
DA:564,0
DA:565,0
DA:566,0
DA:567,0
DA:568,0
DA:569,0
DA:570,0
DA:571,0
DA:572,0
DA:573,0
DA:574,0
DA:575,2
DA:576,2
DA:577,2
DA:578,2
DA:579,2
DA:580,2
DA:581,2
DA:582,2
DA:583,2
DA:584,2
DA:585,2
DA:586,2
LF:586
LH:206
BRDA:1,0,0,2
BRDA:12,1,0,2
BRDA:13,2,0,2
BRDA:15,3,0,2
BRDA:21,4,0,2
BRDA:25,5,0,2
BRDA:56,6,0,2
BRDA:57,7,0,1
BRDA:57,8,0,1
BRDA:69,9,0,2
BRDA:70,10,0,1
BRDA:71,11,0,1
BRDA:72,12,0,1
BRDA:75,13,0,1
BRDA:116,14,0,2
BRDA:188,15,0,2
BRDA:190,16,0,1
BRDA:196,17,0,1
BRF:18
BRH:18
end_of_record
TN:
SF:tools/utils/utils.js
FN:5,getImsToken
FN:18,getSheet
FNF:2
FNH:1
FNDA:0,getImsToken
FNDA:1,getSheet
DA:1,2
DA:2,2
DA:3,2
DA:4,2
DA:5,2
DA:6,0
DA:7,0
DA:8,0
DA:9,0
DA:10,0
DA:11,0
DA:12,0
DA:13,0
DA:14,0
DA:15,0
DA:16,2
DA:17,2
DA:18,2
DA:19,1
DA:20,1
DA:21,1
DA:22,1
DA:23,1
DA:24,1
DA:25,1
DA:26,2
DA:27,2
DA:28,2
LF:28
LH:18
BRDA:1,0,0,2
BRDA:18,1,0,2
BRF:2
BRH:2
end_of_record
